{"/Users/mac/Desktop/code-open/nacos-mcp-router/src/typescript/src/logger.ts": {"path":"/Users/mac/Desktop/code-open/nacos-mcp-router/src/typescript/src/logger.ts","statementMap":{"0":{"start":{"line":1,"column":0},"end":{"line":1,"column":30}},"1":{"start":{"line":2,"column":0},"end":{"line":2,"column":24}},"2":{"start":{"line":3,"column":0},"end":{"line":3,"column":20}},"3":{"start":{"line":4,"column":0},"end":{"line":4,"column":35}},"4":{"start":{"line":5,"column":0},"end":{"line":5,"column":20}},"5":{"start":{"line":11,"column":19},"end":{"line":11,"column":70}},"6":{"start":{"line":12,"column":20},"end":{"line":12,"column":51}},"7":{"start":{"line":14,"column":4},"end":{"line":22,"column":5}},"8":{"start":{"line":16,"column":6},"end":{"line":18,"column":7}},"9":{"start":{"line":17,"column":8},"end":{"line":17,"column":50}},"10":{"start":{"line":24,"column":22},"end":{"line":30,"column":null}},"11":{"start":{"line":29,"column":8},"end":{"line":29,"column":83}},"12":{"start":{"line":33,"column":4},"end":{"line":46,"column":7}},"13":{"start":{"line":50,"column":4},"end":{"line":52,"column":5}},"14":{"start":{"line":51,"column":6},"end":{"line":51,"column":40}},"15":{"start":{"line":53,"column":4},"end":{"line":53,"column":64}},"16":{"start":{"line":57,"column":4},"end":{"line":57,"column":59}},"17":{"start":{"line":61,"column":4},"end":{"line":61,"column":60}},"18":{"start":{"line":65,"column":4},"end":{"line":65,"column":59}},"19":{"start":{"line":69,"column":4},"end":{"line":69,"column":60}},"20":{"start":{"line":7,"column":0},"end":{"line":7,"column":13}},"21":{"start":{"line":8,"column":17},"end":{"line":8,"column":54}},"22":{"start":{"line":74,"column":13},"end":{"line":74,"column":54}}},"fnMap":{"0":{"name":"(anonymous_1)","decl":{"start":{"line":10,"column":10},"end":{"line":10,"column":16}},"loc":{"start":{"line":10,"column":28},"end":{"line":47,"column":3}}},"1":{"name":"(anonymous_2)","decl":{"start":{"line":28,"column":28},"end":{"line":28,"column":29}},"loc":{"start":{"line":28,"column":62},"end":{"line":30,"column":7}}},"2":{"name":"(anonymous_3)","decl":{"start":{"line":49,"column":9},"end":{"line":49,"column":15}},"loc":{"start":{"line":49,"column":25},"end":{"line":54,"column":3}}},"3":{"name":"(anonymous_4)","decl":{"start":{"line":56,"column":9},"end":{"line":56,"column":15}},"loc":{"start":{"line":56,"column":52},"end":{"line":58,"column":3}}},"4":{"name":"(anonymous_5)","decl":{"start":{"line":60,"column":9},"end":{"line":60,"column":15}},"loc":{"start":{"line":60,"column":53},"end":{"line":62,"column":3}}},"5":{"name":"(anonymous_6)","decl":{"start":{"line":64,"column":9},"end":{"line":64,"column":15}},"loc":{"start":{"line":64,"column":52},"end":{"line":66,"column":3}}},"6":{"name":"(anonymous_7)","decl":{"start":{"line":68,"column":9},"end":{"line":68,"column":15}},"loc":{"start":{"line":68,"column":53},"end":{"line":70,"column":3}}}},"branchMap":{"0":{"loc":{"start":{"line":16,"column":6},"end":{"line":18,"column":7}},"type":"if","locations":[{"start":{"line":16,"column":6},"end":{"line":18,"column":7}}]},"1":{"loc":{"start":{"line":50,"column":4},"end":{"line":52,"column":5}},"type":"if","locations":[{"start":{"line":50,"column":4},"end":{"line":52,"column":5}}]},"2":{"loc":{"start":{"line":53,"column":11},"end":{"line":53,"column":63}},"type":"binary-expr","locations":[{"start":{"line":53,"column":11},"end":{"line":53,"column":37}},{"start":{"line":53,"column":41},"end":{"line":53,"column":63}}]}},"s":{"0":1,"1":1,"2":1,"3":1,"4":1,"5":1,"6":1,"7":1,"8":1,"9":1,"10":1,"11":63,"12":1,"13":1,"14":1,"15":1,"16":0,"17":0,"18":0,"19":0,"20":1,"21":1,"22":1},"f":{"0":1,"1":63,"2":1,"3":0,"4":0,"5":0,"6":0},"b":{"0":[1],"1":[1],"2":[1,0]}}
,"/Users/mac/Desktop/code-open/nacos-mcp-router/src/typescript/src/mcp_manager.ts": {"path":"/Users/mac/Desktop/code-open/nacos-mcp-router/src/typescript/src/mcp_manager.ts","statementMap":{"0":{"start":{"line":1,"column":0},"end":{"line":1,"column":34}},"1":{"start":{"line":3,"column":0},"end":{"line":3,"column":72}},"2":{"start":{"line":4,"column":0},"end":{"line":4,"column":28}},"3":{"start":{"line":5,"column":0},"end":{"line":5,"column":73}},"4":{"start":{"line":11,"column":10},"end":{"line":11,"column":58}},"5":{"start":{"line":12,"column":10},"end":{"line":12,"column":69}},"6":{"start":{"line":13,"column":10},"end":{"line":13,"column":67}},"7":{"start":{"line":20,"column":4},"end":{"line":20,"column":35}},"8":{"start":{"line":21,"column":4},"end":{"line":21,"column":43}},"9":{"start":{"line":22,"column":4},"end":{"line":22,"column":43}},"10":{"start":{"line":23,"column":4},"end":{"line":23,"column":21}},"11":{"start":{"line":24,"column":4},"end":{"line":24,"column":24}},"12":{"start":{"line":28,"column":4},"end":{"line":75,"column":5}},"13":{"start":{"line":29,"column":25},"end":{"line":29,"column":63}},"14":{"start":{"line":30,"column":6},"end":{"line":30,"column":80}},"15":{"start":{"line":32,"column":6},"end":{"line":34,"column":7}},"16":{"start":{"line":33,"column":8},"end":{"line":33,"column":15}},"17":{"start":{"line":36,"column":29},"end":{"line":36,"column":31}},"18":{"start":{"line":37,"column":28},"end":{"line":37,"column":30}},"19":{"start":{"line":38,"column":20},"end":{"line":38,"column":53}},"20":{"start":{"line":40,"column":6},"end":{"line":58,"column":7}},"21":{"start":{"line":41,"column":26},"end":{"line":41,"column":52}},"22":{"start":{"line":42,"column":8},"end":{"line":44,"column":9}},"23":{"start":{"line":43,"column":10},"end":{"line":43,"column":71}},"24":{"start":{"line":46,"column":27},"end":{"line":46,"column":46}},"25":{"start":{"line":47,"column":8},"end":{"line":47,"column":41}},"26":{"start":{"line":49,"column":23},"end":{"line":49,"column":39}},"27":{"start":{"line":50,"column":8},"end":{"line":57,"column":9}},"28":{"start":{"line":54,"column":10},"end":{"line":54,"column":65}},"29":{"start":{"line":55,"column":10},"end":{"line":55,"column":31}},"30":{"start":{"line":56,"column":10},"end":{"line":56,"column":33}},"31":{"start":{"line":60,"column":6},"end":{"line":60,"column":67}},"32":{"start":{"line":61,"column":29},"end":{"line":61,"column":53}},"33":{"start":{"line":62,"column":6},"end":{"line":62,"column":76}},"34":{"start":{"line":64,"column":6},"end":{"line":64,"column":26}},"35":{"start":{"line":66,"column":6},"end":{"line":71,"column":7}},"36":{"start":{"line":67,"column":8},"end":{"line":70,"column":10}},"37":{"start":{"line":73,"column":6},"end":{"line":73,"column":59}},"38":{"start":{"line":74,"column":6},"end":{"line":74,"column":18}},"39":{"start":{"line":79,"column":21},"end":{"line":79,"column":41}},"40":{"start":{"line":80,"column":4},"end":{"line":89,"column":5}},"41":{"start":{"line":81,"column":6},"end":{"line":88,"column":7}},"42":{"start":{"line":82,"column":8},"end":{"line":82,"column":70}},"43":{"start":{"line":82,"column":37},"end":{"line":82,"column":68}},"44":{"start":{"line":83,"column":8},"end":{"line":83,"column":31}},"45":{"start":{"line":84,"column":8},"end":{"line":84,"column":42}},"46":{"start":{"line":86,"column":8},"end":{"line":86,"column":66}},"47":{"start":{"line":87,"column":8},"end":{"line":87,"column":53}},"48":{"start":{"line":93,"column":4},"end":{"line":112,"column":5}},"49":{"start":{"line":94,"column":21},"end":{"line":96,"column":null}},"50":{"start":{"line":98,"column":18},"end":{"line":98,"column":28}},"51":{"start":{"line":99,"column":43},"end":{"line":99,"column":45}},"52":{"start":{"line":100,"column":6},"end":{"line":100,"column":64}},"53":{"start":{"line":102,"column":6},"end":{"line":107,"column":7}},"54":{"start":{"line":103,"column":26},"end":{"line":103,"column":45}},"55":{"start":{"line":104,"column":8},"end":{"line":106,"column":9}},"56":{"start":{"line":105,"column":10},"end":{"line":105,"column":37}},"57":{"start":{"line":108,"column":6},"end":{"line":108,"column":24}},"58":{"start":{"line":110,"column":6},"end":{"line":110,"column":56}},"59":{"start":{"line":111,"column":6},"end":{"line":111,"column":18}},"60":{"start":{"line":116,"column":38},"end":{"line":116,"column":40}},"61":{"start":{"line":117,"column":4},"end":{"line":117,"column":51}},"62":{"start":{"line":119,"column":4},"end":{"line":132,"column":5}},"63":{"start":{"line":120,"column":24},"end":{"line":120,"column":50}},"64":{"start":{"line":121,"column":6},"end":{"line":123,"column":7}},"65":{"start":{"line":122,"column":8},"end":{"line":122,"column":69}},"66":{"start":{"line":125,"column":6},"end":{"line":127,"column":7}},"67":{"start":{"line":126,"column":8},"end":{"line":126,"column":17}},"68":{"start":{"line":128,"column":6},"end":{"line":131,"column":7}},"69":{"start":{"line":130,"column":8},"end":{"line":130,"column":32}},"70":{"start":{"line":134,"column":4},"end":{"line":134,"column":76}},"71":{"start":{"line":135,"column":4},"end":{"line":135,"column":19}},"72":{"start":{"line":139,"column":4},"end":{"line":139,"column":36}},"73":{"start":{"line":143,"column":22},"end":{"line":143,"column":63}},"74":{"start":{"line":144,"column":4},"end":{"line":146,"column":5}},"75":{"start":{"line":145,"column":6},"end":{"line":145,"column":91}},"76":{"start":{"line":148,"column":4},"end":{"line":157,"column":5}},"77":{"start":{"line":149,"column":29},"end":{"line":151,"column":8}},"78":{"start":{"line":152,"column":23},"end":{"line":152,"column":76}},"79":{"start":{"line":153,"column":6},"end":{"line":153,"column":30}},"80":{"start":{"line":155,"column":6},"end":{"line":155,"column":51}},"81":{"start":{"line":156,"column":6},"end":{"line":156,"column":83}},"82":{"start":{"line":161,"column":48},"end":{"line":161,"column":104}},"83":{"start":{"line":162,"column":4},"end":{"line":164,"column":5}},"84":{"start":{"line":163,"column":6},"end":{"line":163,"column":49}},"85":{"start":{"line":165,"column":4},"end":{"line":167,"column":5}},"86":{"start":{"line":166,"column":6},"end":{"line":166,"column":91}},"87":{"start":{"line":169,"column":50},"end":{"line":169,"column":52}},"88":{"start":{"line":170,"column":21},"end":{"line":170,"column":67}},"89":{"start":{"line":171,"column":4},"end":{"line":177,"column":5}},"90":{"start":{"line":172,"column":6},"end":{"line":176,"column":7}},"91":{"start":{"line":173,"column":8},"end":{"line":175,"column":9}},"92":{"start":{"line":174,"column":10},"end":{"line":174,"column":40}},"93":{"start":{"line":179,"column":4},"end":{"line":209,"column":5}},"94":{"start":{"line":180,"column":23},"end":{"line":180,"column":40}},"95":{"start":{"line":181,"column":6},"end":{"line":183,"column":7}},"96":{"start":{"line":182,"column":8},"end":{"line":182,"column":35}},"97":{"start":{"line":184,"column":6},"end":{"line":186,"column":7}},"98":{"start":{"line":185,"column":8},"end":{"line":185,"column":46}},"99":{"start":{"line":188,"column":25},"end":{"line":188,"column":57}},"100":{"start":{"line":189,"column":6},"end":{"line":200,"column":7}},"101":{"start":{"line":190,"column":29},"end":{"line":190,"column":57}},"102":{"start":{"line":191,"column":8},"end":{"line":195,"column":9}},"103":{"start":{"line":192,"column":10},"end":{"line":194,"column":11}},"104":{"start":{"line":193,"column":12},"end":{"line":193,"column":23}},"105":{"start":{"line":196,"column":8},"end":{"line":196,"column":31}},"106":{"start":{"line":197,"column":8},"end":{"line":199,"column":9}},"107":{"start":{"line":198,"column":10},"end":{"line":198,"column":36}},"108":{"start":{"line":202,"column":21},"end":{"line":202,"column":123}},"109":{"start":{"line":204,"column":6},"end":{"line":204,"column":40}},"110":{"start":{"line":206,"column":6},"end":{"line":208,"column":7}},"111":{"start":{"line":207,"column":8},"end":{"line":207,"column":58}},"112":{"start":{"line":211,"column":19},"end":{"line":211,"column":60}},"113":{"start":{"line":212,"column":4},"end":{"line":214,"column":5}},"114":{"start":{"line":213,"column":6},"end":{"line":213,"column":102}},"115":{"start":{"line":216,"column":18},"end":{"line":216,"column":42}},"116":{"start":{"line":217,"column":28},"end":{"line":217,"column":30}},"117":{"start":{"line":218,"column":4},"end":{"line":228,"column":5}},"118":{"start":{"line":219,"column":6},"end":{"line":221,"column":7}},"119":{"start":{"line":220,"column":8},"end":{"line":220,"column":17}},"120":{"start":{"line":222,"column":39},"end":{"line":226,"column":8}},"121":{"start":{"line":227,"column":6},"end":{"line":227,"column":25}},"122":{"start":{"line":230,"column":4},"end":{"line":230,"column":64}},"123":{"start":{"line":232,"column":4},"end":{"line":232,"column":141}},"124":{"start":{"line":7,"column":0},"end":{"line":7,"column":13}}},"fnMap":{"0":{"name":"(anonymous_0)","decl":{"start":{"line":15,"column":2},"end":{"line":15,"column":null}},"loc":{"start":{"line":18,"column":27},"end":{"line":25,"column":3}}},"1":{"name":"(anonymous_1)","decl":{"start":{"line":27,"column":10},"end":{"line":27,"column":15}},"loc":{"start":{"line":27,"column":25},"end":{"line":76,"column":3}}},"2":{"name":"(anonymous_2)","decl":{"start":{"line":78,"column":9},"end":{"line":78,"column":14}},"loc":{"start":{"line":78,"column":27},"end":{"line":90,"column":3}}},"3":{"name":"(anonymous_3)","decl":{"start":{"line":82,"column":26},"end":{"line":82,"column":33}},"loc":{"start":{"line":82,"column":37},"end":{"line":82,"column":68}}},"4":{"name":"(anonymous_4)","decl":{"start":{"line":92,"column":2},"end":{"line":92,"column":7}},"loc":{"start":{"line":92,"column":54},"end":{"line":113,"column":3}}},"5":{"name":"(anonymous_5)","decl":{"start":{"line":115,"column":2},"end":{"line":115,"column":7}},"loc":{"start":{"line":115,"column":42},"end":{"line":136,"column":3}}},"6":{"name":"(anonymous_6)","decl":{"start":{"line":138,"column":2},"end":{"line":138,"column":7}},"loc":{"start":{"line":138,"column":42},"end":{"line":140,"column":3}}},"7":{"name":"(anonymous_7)","decl":{"start":{"line":142,"column":2},"end":{"line":142,"column":7}},"loc":{"start":{"line":142,"column":84},"end":{"line":158,"column":3}}},"8":{"name":"(anonymous_8)","decl":{"start":{"line":160,"column":2},"end":{"line":160,"column":7}},"loc":{"start":{"line":160,"column":42},"end":{"line":233,"column":3}}}},"branchMap":{"0":{"loc":{"start":{"line":32,"column":6},"end":{"line":34,"column":7}},"type":"if","locations":[{"start":{"line":32,"column":6},"end":{"line":34,"column":7}}]},"1":{"loc":{"start":{"line":42,"column":8},"end":{"line":44,"column":9}},"type":"if","locations":[{"start":{"line":42,"column":8},"end":{"line":44,"column":9}}]},"2":{"loc":{"start":{"line":50,"column":8},"end":{"line":57,"column":9}},"type":"if","locations":[{"start":{"line":50,"column":8},"end":{"line":57,"column":9}}]},"3":{"loc":{"start":{"line":51,"column":10},"end":{"line":52,"column":67}},"type":"binary-expr","locations":[{"start":{"line":51,"column":10},"end":{"line":51,"column":57}},{"start":{"line":52,"column":10},"end":{"line":52,"column":67}}]},"4":{"loc":{"start":{"line":66,"column":6},"end":{"line":71,"column":7}},"type":"if","locations":[{"start":{"line":66,"column":6},"end":{"line":71,"column":7}}]},"5":{"loc":{"start":{"line":104,"column":8},"end":{"line":106,"column":9}},"type":"if","locations":[{"start":{"line":104,"column":8},"end":{"line":106,"column":9}}]},"6":{"loc":{"start":{"line":121,"column":6},"end":{"line":123,"column":7}},"type":"if","locations":[{"start":{"line":121,"column":6},"end":{"line":123,"column":7}}]},"7":{"loc":{"start":{"line":125,"column":6},"end":{"line":127,"column":7}},"type":"if","locations":[{"start":{"line":125,"column":6},"end":{"line":127,"column":7}}]},"8":{"loc":{"start":{"line":128,"column":6},"end":{"line":131,"column":7}},"type":"if","locations":[{"start":{"line":128,"column":6},"end":{"line":131,"column":7}}]},"9":{"loc":{"start":{"line":144,"column":4},"end":{"line":146,"column":5}},"type":"if","locations":[{"start":{"line":144,"column":4},"end":{"line":146,"column":5}}]},"10":{"loc":{"start":{"line":148,"column":4},"end":{"line":157,"column":5}},"type":"if","locations":[{"start":{"line":148,"column":4},"end":{"line":157,"column":5}},{"start":{"line":154,"column":11},"end":{"line":157,"column":5}}]},"11":{"loc":{"start":{"line":162,"column":4},"end":{"line":164,"column":5}},"type":"if","locations":[{"start":{"line":162,"column":4},"end":{"line":164,"column":5}}]},"12":{"loc":{"start":{"line":165,"column":4},"end":{"line":167,"column":5}},"type":"if","locations":[{"start":{"line":165,"column":4},"end":{"line":167,"column":5}}]},"13":{"loc":{"start":{"line":165,"column":8},"end":{"line":165,"column":76}},"type":"binary-expr","locations":[{"start":{"line":165,"column":8},"end":{"line":165,"column":18}},{"start":{"line":165,"column":22},"end":{"line":165,"column":50}},{"start":{"line":165,"column":54},"end":{"line":165,"column":76}}]},"14":{"loc":{"start":{"line":171,"column":4},"end":{"line":177,"column":5}},"type":"if","locations":[{"start":{"line":171,"column":4},"end":{"line":177,"column":5}}]},"15":{"loc":{"start":{"line":173,"column":8},"end":{"line":175,"column":9}},"type":"if","locations":[{"start":{"line":173,"column":8},"end":{"line":175,"column":9}}]},"16":{"loc":{"start":{"line":179,"column":4},"end":{"line":209,"column":5}},"type":"if","locations":[{"start":{"line":179,"column":4},"end":{"line":209,"column":5}}]},"17":{"loc":{"start":{"line":180,"column":23},"end":{"line":180,"column":40}},"type":"binary-expr","locations":[{"start":{"line":180,"column":23},"end":{"line":180,"column":34}},{"start":{"line":180,"column":38},"end":{"line":180,"column":40}}]},"18":{"loc":{"start":{"line":181,"column":6},"end":{"line":183,"column":7}},"type":"if","locations":[{"start":{"line":181,"column":6},"end":{"line":183,"column":7}}]},"19":{"loc":{"start":{"line":184,"column":6},"end":{"line":186,"column":7}},"type":"if","locations":[{"start":{"line":184,"column":6},"end":{"line":186,"column":7}}]},"20":{"loc":{"start":{"line":184,"column":10},"end":{"line":184,"column":88}},"type":"binary-expr","locations":[{"start":{"line":184,"column":10},"end":{"line":184,"column":43}},{"start":{"line":184,"column":47},"end":{"line":184,"column":88}}]},"21":{"loc":{"start":{"line":191,"column":8},"end":{"line":195,"column":9}},"type":"if","locations":[{"start":{"line":191,"column":8},"end":{"line":195,"column":9}}]},"22":{"loc":{"start":{"line":197,"column":8},"end":{"line":199,"column":9}},"type":"if","locations":[{"start":{"line":197,"column":8},"end":{"line":199,"column":9}}]},"23":{"loc":{"start":{"line":202,"column":76},"end":{"line":202,"column":122}},"type":"binary-expr","locations":[{"start":{"line":202,"column":76},"end":{"line":202,"column":111}},{"start":{"line":202,"column":115},"end":{"line":202,"column":122}}]},"24":{"loc":{"start":{"line":206,"column":6},"end":{"line":208,"column":7}},"type":"if","locations":[{"start":{"line":206,"column":6},"end":{"line":208,"column":7}}]},"25":{"loc":{"start":{"line":212,"column":4},"end":{"line":214,"column":5}},"type":"if","locations":[{"start":{"line":212,"column":4},"end":{"line":214,"column":5}}]},"26":{"loc":{"start":{"line":219,"column":6},"end":{"line":221,"column":7}},"type":"if","locations":[{"start":{"line":219,"column":6},"end":{"line":221,"column":7}}]}},"s":{"0":1,"1":1,"2":1,"3":1,"4":0,"5":0,"6":0,"7":0,"8":0,"9":0,"10":0,"11":0,"12":0,"13":0,"14":0,"15":0,"16":0,"17":0,"18":0,"19":0,"20":0,"21":0,"22":0,"23":0,"24":0,"25":0,"26":0,"27":0,"28":0,"29":0,"30":0,"31":0,"32":0,"33":0,"34":0,"35":0,"36":0,"37":0,"38":0,"39":0,"40":0,"41":0,"42":0,"43":0,"44":0,"45":0,"46":0,"47":0,"48":0,"49":0,"50":0,"51":0,"52":0,"53":0,"54":0,"55":0,"56":0,"57":0,"58":0,"59":0,"60":0,"61":0,"62":0,"63":0,"64":0,"65":0,"66":0,"67":0,"68":0,"69":0,"70":0,"71":0,"72":0,"73":0,"74":0,"75":0,"76":0,"77":0,"78":0,"79":0,"80":0,"81":0,"82":0,"83":0,"84":0,"85":0,"86":0,"87":0,"88":0,"89":0,"90":0,"91":0,"92":0,"93":0,"94":0,"95":0,"96":0,"97":0,"98":0,"99":0,"100":0,"101":0,"102":0,"103":0,"104":0,"105":0,"106":0,"107":0,"108":0,"109":0,"110":0,"111":0,"112":0,"113":0,"114":0,"115":0,"116":0,"117":0,"118":0,"119":0,"120":0,"121":0,"122":0,"123":0,"124":1},"f":{"0":0,"1":0,"2":0,"3":0,"4":0,"5":0,"6":0,"7":0,"8":0},"b":{"0":[0],"1":[0],"2":[0],"3":[0,0],"4":[0],"5":[0],"6":[0],"7":[0],"8":[0],"9":[0],"10":[0,0],"11":[0],"12":[0],"13":[0,0,0],"14":[0],"15":[0],"16":[0],"17":[0,0],"18":[0],"19":[0],"20":[0,0],"21":[0],"22":[0],"23":[0,0],"24":[0],"25":[0],"26":[0]}}
,"/Users/mac/Desktop/code-open/nacos-mcp-router/src/typescript/src/md5.ts": {"path":"/Users/mac/Desktop/code-open/nacos-mcp-router/src/typescript/src/md5.ts","statementMap":{"0":{"start":{"line":3,"column":0},"end":{"line":3,"column":16}},"1":{"start":{"line":1,"column":0},"end":{"line":1,"column":36}},"2":{"start":{"line":4,"column":2},"end":{"line":4,"column":53}}},"fnMap":{"0":{"name":"md5","decl":{"start":{"line":3,"column":16},"end":{"line":3,"column":19}},"loc":{"start":{"line":3,"column":31},"end":{"line":5,"column":1}}}},"branchMap":{},"s":{"0":1,"1":1,"2":0},"f":{"0":0},"b":{}}
,"/Users/mac/Desktop/code-open/nacos-mcp-router/src/typescript/src/memory_vector.ts": {"path":"/Users/mac/Desktop/code-open/nacos-mcp-router/src/typescript/src/memory_vector.ts","statementMap":{"0":{"start":{"line":1,"column":0},"end":{"line":1,"column":47}},"1":{"start":{"line":3,"column":0},"end":{"line":3,"column":20}},"2":{"start":{"line":4,"column":0},"end":{"line":4,"column":24}},"3":{"start":{"line":5,"column":0},"end":{"line":5,"column":20}},"4":{"start":{"line":6,"column":0},"end":{"line":6,"column":34}},"5":{"start":{"line":12,"column":2},"end":{"line":14,"column":3}},"6":{"start":{"line":13,"column":4},"end":{"line":13,"column":63}},"7":{"start":{"line":13,"column":16},"end":{"line":13,"column":52}},"8":{"start":{"line":15,"column":2},"end":{"line":15,"column":18}},"9":{"start":{"line":20,"column":10},"end":{"line":20,"column":37}},"10":{"start":{"line":21,"column":10},"end":{"line":21,"column":32}},"11":{"start":{"line":38,"column":4},"end":{"line":38,"column":47}},"12":{"start":{"line":39,"column":4},"end":{"line":39,"column":52}},"13":{"start":{"line":40,"column":4},"end":{"line":40,"column":51}},"14":{"start":{"line":41,"column":4},"end":{"line":41,"column":106}},"15":{"start":{"line":42,"column":4},"end":{"line":42,"column":116}},"16":{"start":{"line":43,"column":4},"end":{"line":43,"column":68}},"17":{"start":{"line":45,"column":4},"end":{"line":54,"column":5}},"18":{"start":{"line":46,"column":6},"end":{"line":49,"column":7}},"19":{"start":{"line":47,"column":8},"end":{"line":47,"column":38}},"20":{"start":{"line":48,"column":8},"end":{"line":48,"column":67}},"21":{"start":{"line":50,"column":6},"end":{"line":53,"column":7}},"22":{"start":{"line":51,"column":8},"end":{"line":51,"column":41}},"23":{"start":{"line":52,"column":8},"end":{"line":52,"column":71}},"24":{"start":{"line":56,"column":4},"end":{"line":56,"column":73}},"25":{"start":{"line":58,"column":4},"end":{"line":65,"column":5}},"26":{"start":{"line":59,"column":6},"end":{"line":59,"column":91}},"27":{"start":{"line":60,"column":6},"end":{"line":60,"column":47}},"28":{"start":{"line":61,"column":6},"end":{"line":61,"column":79}},"29":{"start":{"line":63,"column":6},"end":{"line":63,"column":73}},"30":{"start":{"line":64,"column":6},"end":{"line":64,"column":45}},"31":{"start":{"line":69,"column":4},"end":{"line":72,"column":5}},"32":{"start":{"line":70,"column":24},"end":{"line":70,"column":43}},"33":{"start":{"line":71,"column":6},"end":{"line":71,"column":77}},"34":{"start":{"line":73,"column":19},"end":{"line":73,"column":83}},"35":{"start":{"line":74,"column":4},"end":{"line":74,"column":35}},"36":{"start":{"line":78,"column":4},"end":{"line":78,"column":70}},"37":{"start":{"line":79,"column":19},"end":{"line":79,"column":48}},"38":{"start":{"line":80,"column":18},"end":{"line":80,"column":46}},"39":{"start":{"line":81,"column":4},"end":{"line":81,"column":39}},"40":{"start":{"line":82,"column":4},"end":{"line":82,"column":50}},"41":{"start":{"line":83,"column":4},"end":{"line":83,"column":57}},"42":{"start":{"line":87,"column":4},"end":{"line":87,"column":75}},"43":{"start":{"line":88,"column":24},"end":{"line":88,"column":54}},"44":{"start":{"line":89,"column":20},"end":{"line":89,"column":56}},"45":{"start":{"line":90,"column":4},"end":{"line":90,"column":74}},"46":{"start":{"line":91,"column":4},"end":{"line":96,"column":8}},"47":{"start":{"line":91,"column":64},"end":{"line":96,"column":6}},"48":{"start":{"line":101,"column":21},"end":{"line":101,"column":49}},"49":{"start":{"line":102,"column":24},"end":{"line":102,"column":55}},"50":{"start":{"line":103,"column":4},"end":{"line":105,"column":5}},"51":{"start":{"line":104,"column":6},"end":{"line":104,"column":50}},"52":{"start":{"line":106,"column":4},"end":{"line":108,"column":5}},"53":{"start":{"line":107,"column":6},"end":{"line":107,"column":53}},"54":{"start":{"line":109,"column":4},"end":{"line":109,"column":46}},"55":{"start":{"line":110,"column":4},"end":{"line":110,"column":81}},"56":{"start":{"line":111,"column":4},"end":{"line":111,"column":88}},"57":{"start":{"line":115,"column":4},"end":{"line":121,"column":5}},"58":{"start":{"line":116,"column":6},"end":{"line":116,"column":47}},"59":{"start":{"line":117,"column":6},"end":{"line":117,"column":79}},"60":{"start":{"line":118,"column":6},"end":{"line":118,"column":48}},"61":{"start":{"line":120,"column":6},"end":{"line":120,"column":55}},"62":{"start":{"line":125,"column":4},"end":{"line":125,"column":40}},"63":{"start":{"line":18,"column":0},"end":{"line":18,"column":13}}},"fnMap":{"0":{"name":"getPipeline","decl":{"start":{"line":11,"column":15},"end":{"line":11,"column":26}},"loc":{"start":{"line":11,"column":26},"end":{"line":16,"column":1}}},"1":{"name":"(anonymous_11)","decl":{"start":{"line":13,"column":16},"end":{"line":13,"column":29}},"loc":{"start":{"line":13,"column":16},"end":{"line":13,"column":52}}},"2":{"name":"(anonymous_12)","decl":{"start":{"line":29,"column":2},"end":{"line":29,"column":14}},"loc":{"start":{"line":37,"column":3},"end":{"line":66,"column":3}}},"3":{"name":"(anonymous_13)","decl":{"start":{"line":68,"column":10},"end":{"line":68,"column":15}},"loc":{"start":{"line":68,"column":41},"end":{"line":75,"column":3}}},"4":{"name":"(anonymous_14)","decl":{"start":{"line":77,"column":9},"end":{"line":77,"column":14}},"loc":{"start":{"line":77,"column":56},"end":{"line":84,"column":3}}},"5":{"name":"(anonymous_15)","decl":{"start":{"line":86,"column":9},"end":{"line":86,"column":14}},"loc":{"start":{"line":86,"column":50},"end":{"line":97,"column":3}}},"6":{"name":"(anonymous_16)","decl":{"start":{"line":91,"column":33},"end":{"line":91,"column":34}},"loc":{"start":{"line":91,"column":64},"end":{"line":96,"column":6}}},"7":{"name":"(anonymous_17)","decl":{"start":{"line":99,"column":9},"end":{"line":99,"column":13}},"loc":{"start":{"line":99,"column":13},"end":{"line":112,"column":3}}},"8":{"name":"(anonymous_18)","decl":{"start":{"line":114,"column":9},"end":{"line":114,"column":13}},"loc":{"start":{"line":114,"column":13},"end":{"line":122,"column":3}}},"9":{"name":"(anonymous_19)","decl":{"start":{"line":124,"column":9},"end":{"line":124,"column":17}},"loc":{"start":{"line":124,"column":17},"end":{"line":126,"column":3}}}},"branchMap":{"0":{"loc":{"start":{"line":12,"column":2},"end":{"line":14,"column":3}},"type":"if","locations":[{"start":{"line":12,"column":2},"end":{"line":14,"column":3}}]},"1":{"loc":{"start":{"line":39,"column":23},"end":{"line":39,"column":51}},"type":"binary-expr","locations":[{"start":{"line":39,"column":23},"end":{"line":39,"column":42}},{"start":{"line":39,"column":46},"end":{"line":39,"column":51}}]},"2":{"loc":{"start":{"line":40,"column":21},"end":{"line":40,"column":50}},"type":"binary-expr","locations":[{"start":{"line":40,"column":21},"end":{"line":40,"column":38}},{"start":{"line":40,"column":42},"end":{"line":40,"column":50}}]},"3":{"loc":{"start":{"line":41,"column":21},"end":{"line":41,"column":105}},"type":"binary-expr","locations":[{"start":{"line":41,"column":21},"end":{"line":41,"column":38}},{"start":{"line":41,"column":42},"end":{"line":41,"column":105}}]},"4":{"loc":{"start":{"line":42,"column":24},"end":{"line":42,"column":115}},"type":"binary-expr","locations":[{"start":{"line":42,"column":24},"end":{"line":42,"column":44}},{"start":{"line":42,"column":48},"end":{"line":42,"column":115}}]},"5":{"loc":{"start":{"line":43,"column":21},"end":{"line":43,"column":67}},"type":"binary-expr","locations":[{"start":{"line":43,"column":21},"end":{"line":43,"column":38}},{"start":{"line":43,"column":42},"end":{"line":43,"column":67}}]},"6":{"loc":{"start":{"line":45,"column":4},"end":{"line":54,"column":5}},"type":"if","locations":[{"start":{"line":45,"column":4},"end":{"line":54,"column":5}}]},"7":{"loc":{"start":{"line":46,"column":6},"end":{"line":49,"column":7}},"type":"if","locations":[{"start":{"line":46,"column":6},"end":{"line":49,"column":7}}]},"8":{"loc":{"start":{"line":50,"column":6},"end":{"line":53,"column":7}},"type":"if","locations":[{"start":{"line":50,"column":6},"end":{"line":53,"column":7}}]},"9":{"loc":{"start":{"line":58,"column":4},"end":{"line":65,"column":5}},"type":"if","locations":[{"start":{"line":58,"column":4},"end":{"line":65,"column":5}},{"start":{"line":62,"column":11},"end":{"line":65,"column":5}}]},"10":{"loc":{"start":{"line":58,"column":8},"end":{"line":58,"column":73}},"type":"binary-expr","locations":[{"start":{"line":58,"column":8},"end":{"line":58,"column":37}},{"start":{"line":58,"column":41},"end":{"line":58,"column":73}}]},"11":{"loc":{"start":{"line":69,"column":4},"end":{"line":72,"column":5}},"type":"if","locations":[{"start":{"line":69,"column":4},"end":{"line":72,"column":5}}]},"12":{"loc":{"start":{"line":77,"column":33},"end":{"line":77,"column":56}},"type":"default-arg","locations":[{"start":{"line":77,"column":54},"end":{"line":77,"column":56}}]},"13":{"loc":{"start":{"line":86,"column":37},"end":{"line":86,"column":50}},"type":"default-arg","locations":[{"start":{"line":86,"column":49},"end":{"line":86,"column":50}}]},"14":{"loc":{"start":{"line":103,"column":4},"end":{"line":105,"column":5}},"type":"if","locations":[{"start":{"line":103,"column":4},"end":{"line":105,"column":5}}]},"15":{"loc":{"start":{"line":106,"column":4},"end":{"line":108,"column":5}},"type":"if","locations":[{"start":{"line":106,"column":4},"end":{"line":108,"column":5}}]},"16":{"loc":{"start":{"line":115,"column":4},"end":{"line":121,"column":5}},"type":"if","locations":[{"start":{"line":115,"column":4},"end":{"line":121,"column":5}},{"start":{"line":119,"column":11},"end":{"line":121,"column":5}}]},"17":{"loc":{"start":{"line":115,"column":8},"end":{"line":115,"column":73}},"type":"binary-expr","locations":[{"start":{"line":115,"column":8},"end":{"line":115,"column":37}},{"start":{"line":115,"column":41},"end":{"line":115,"column":73}}]}},"s":{"0":1,"1":1,"2":1,"3":1,"4":1,"5":0,"6":0,"7":0,"8":0,"9":0,"10":0,"11":0,"12":0,"13":0,"14":0,"15":0,"16":0,"17":0,"18":0,"19":0,"20":0,"21":0,"22":0,"23":0,"24":0,"25":0,"26":0,"27":0,"28":0,"29":0,"30":0,"31":0,"32":0,"33":0,"34":0,"35":0,"36":0,"37":0,"38":0,"39":0,"40":0,"41":0,"42":0,"43":0,"44":0,"45":0,"46":0,"47":0,"48":0,"49":0,"50":0,"51":0,"52":0,"53":0,"54":0,"55":0,"56":0,"57":0,"58":0,"59":0,"60":0,"61":0,"62":0,"63":1},"f":{"0":0,"1":0,"2":0,"3":0,"4":0,"5":0,"6":0,"7":0,"8":0,"9":0},"b":{"0":[0],"1":[0,0],"2":[0,0],"3":[0,0],"4":[0,0],"5":[0,0],"6":[0],"7":[0],"8":[0],"9":[0,0],"10":[0,0],"11":[0],"12":[0],"13":[0],"14":[0],"15":[0],"16":[0,0],"17":[0,0]}}
,"/Users/mac/Desktop/code-open/nacos-mcp-router/src/typescript/src/nacos_http_client.ts": {"path":"/Users/mac/Desktop/code-open/nacos-mcp-router/src/typescript/src/nacos_http_client.ts","statementMap":{"0":{"start":{"line":1,"column":0},"end":{"line":1,"column":45}},"1":{"start":{"line":2,"column":0},"end":{"line":2,"column":48}},"2":{"start":{"line":3,"column":0},"end":{"line":3,"column":34}},"3":{"start":{"line":4,"column":0},"end":{"line":4,"column":75}},"4":{"start":{"line":5,"column":0},"end":{"line":5,"column":73}},"5":{"start":{"line":14,"column":4},"end":{"line":16,"column":5}},"6":{"start":{"line":15,"column":6},"end":{"line":15,"column":61}},"7":{"start":{"line":17,"column":4},"end":{"line":19,"column":5}},"8":{"start":{"line":18,"column":6},"end":{"line":18,"column":60}},"9":{"start":{"line":20,"column":4},"end":{"line":22,"column":5}},"10":{"start":{"line":21,"column":6},"end":{"line":21,"column":58}},"11":{"start":{"line":24,"column":4},"end":{"line":24,"column":31}},"12":{"start":{"line":25,"column":4},"end":{"line":25,"column":29}},"13":{"start":{"line":26,"column":4},"end":{"line":26,"column":25}},"14":{"start":{"line":28,"column":4},"end":{"line":36,"column":7}},"15":{"start":{"line":40,"column":4},"end":{"line":48,"column":7}},"16":{"start":{"line":41,"column":6},"end":{"line":47,"column":9}},"17":{"start":{"line":42,"column":8},"end":{"line":46,"column":9}},"18":{"start":{"line":43,"column":10},"end":{"line":43,"column":24}},"19":{"start":{"line":45,"column":10},"end":{"line":45,"column":25}},"20":{"start":{"line":52,"column":16},"end":{"line":52,"column":56}},"21":{"start":{"line":53,"column":22},"end":{"line":53,"column":54}},"22":{"start":{"line":55,"column":4},"end":{"line":90,"column":5}},"23":{"start":{"line":56,"column":23},"end":{"line":56,"column":49}},"24":{"start":{"line":57,"column":6},"end":{"line":87,"column":7}},"25":{"start":{"line":58,"column":21},"end":{"line":58,"column":39}},"26":{"start":{"line":59,"column":23},"end":{"line":59,"column":62}},"27":{"start":{"line":60,"column":23},"end":{"line":63,"column":null}},"28":{"start":{"line":65,"column":8},"end":{"line":65,"column":40}},"29":{"start":{"line":67,"column":8},"end":{"line":85,"column":9}},"30":{"start":{"line":68,"column":27},"end":{"line":68,"column":53}},"31":{"start":{"line":69,"column":29},"end":{"line":69,"column":69}},"32":{"start":{"line":70,"column":20},"end":{"line":70,"column":113}},"33":{"start":{"line":72,"column":10},"end":{"line":74,"column":11}},"34":{"start":{"line":73,"column":12},"end":{"line":73,"column":113}},"35":{"start":{"line":76,"column":10},"end":{"line":78,"column":11}},"36":{"start":{"line":77,"column":12},"end":{"line":77,"column":47}},"37":{"start":{"line":80,"column":10},"end":{"line":84,"column":12}},"38":{"start":{"line":86,"column":8},"end":{"line":86,"column":22}},"39":{"start":{"line":89,"column":6},"end":{"line":89,"column":77}},"40":{"start":{"line":91,"column":4},"end":{"line":91,"column":21}},"41":{"start":{"line":95,"column":41},"end":{"line":95,"column":43}},"42":{"start":{"line":96,"column":4},"end":{"line":120,"column":5}},"43":{"start":{"line":97,"column":23},"end":{"line":97,"column":26}},"44":{"start":{"line":98,"column":21},"end":{"line":98,"column":22}},"45":{"start":{"line":99,"column":18},"end":{"line":99,"column":85}},"46":{"start":{"line":101,"column":23},"end":{"line":101,"column":49}},"47":{"start":{"line":102,"column":6},"end":{"line":105,"column":7}},"48":{"start":{"line":103,"column":8},"end":{"line":103,"column":96}},"49":{"start":{"line":104,"column":8},"end":{"line":104,"column":18}},"50":{"start":{"line":107,"column":6},"end":{"line":116,"column":7}},"51":{"start":{"line":108,"column":8},"end":{"line":115,"column":9}},"52":{"start":{"line":109,"column":26},"end":{"line":109,"column":44}},"53":{"start":{"line":110,"column":28},"end":{"line":110,"column":66}},"54":{"start":{"line":112,"column":10},"end":{"line":114,"column":11}},"55":{"start":{"line":113,"column":12},"end":{"line":113,"column":39}},"56":{"start":{"line":118,"column":6},"end":{"line":118,"column":56}},"57":{"start":{"line":119,"column":6},"end":{"line":119,"column":null}},"58":{"start":{"line":121,"column":4},"end":{"line":121,"column":22}},"59":{"start":{"line":125,"column":4},"end":{"line":182,"column":5}},"60":{"start":{"line":126,"column":18},"end":{"line":126,"column":61}},"61":{"start":{"line":127,"column":23},"end":{"line":127,"column":49}},"62":{"start":{"line":129,"column":6},"end":{"line":178,"column":7}},"63":{"start":{"line":130,"column":21},"end":{"line":130,"column":39}},"64":{"start":{"line":131,"column":25},"end":{"line":135,"column":11}},"65":{"start":{"line":131,"column":44},"end":{"line":135,"column":10}},"66":{"start":{"line":137,"column":59},"end":{"line":137,"column":61}},"67":{"start":{"line":138,"column":8},"end":{"line":141,"column":9}},"68":{"start":{"line":139,"column":10},"end":{"line":139,"column":74}},"69":{"start":{"line":140,"column":10},"end":{"line":140,"column":45}},"70":{"start":{"line":143,"column":8},"end":{"line":145,"column":9}},"71":{"start":{"line":144,"column":10},"end":{"line":144,"column":29}},"72":{"start":{"line":147,"column":8},"end":{"line":147,"column":39}},"73":{"start":{"line":148,"column":44},"end":{"line":150,"column":10}},"74":{"start":{"line":152,"column":34},"end":{"line":152,"column":47}},"75":{"start":{"line":153,"column":8},"end":{"line":153,"column":29}},"76":{"start":{"line":154,"column":8},"end":{"line":154,"column":37}},"77":{"start":{"line":156,"column":8},"end":{"line":156,"column":58}},"78":{"start":{"line":157,"column":8},"end":{"line":157,"column":77}},"79":{"start":{"line":158,"column":8},"end":{"line":158,"column":69}},"80":{"start":{"line":160,"column":8},"end":{"line":160,"column":74}},"81":{"start":{"line":162,"column":31},"end":{"line":167,"column":10}},"82":{"start":{"line":169,"column":8},"end":{"line":174,"column":9}},"83":{"start":{"line":170,"column":10},"end":{"line":170,"column":22}},"84":{"start":{"line":172,"column":10},"end":{"line":172,"column":92}},"85":{"start":{"line":173,"column":10},"end":{"line":173,"column":23}},"86":{"start":{"line":176,"column":8},"end":{"line":176,"column":84}},"87":{"start":{"line":177,"column":8},"end":{"line":177,"column":21}},"88":{"start":{"line":180,"column":6},"end":{"line":180,"column":55}},"89":{"start":{"line":181,"column":6},"end":{"line":181,"column":19}},"90":{"start":{"line":7,"column":0},"end":{"line":7,"column":13}}},"fnMap":{"0":{"name":"(anonymous_1)","decl":{"start":{"line":13,"column":2},"end":{"line":13,"column":14}},"loc":{"start":{"line":13,"column":65},"end":{"line":37,"column":3}}},"1":{"name":"(anonymous_2)","decl":{"start":{"line":39,"column":2},"end":{"line":39,"column":7}},"loc":{"start":{"line":39,"column":15},"end":{"line":49,"column":3}}},"2":{"name":"(anonymous_3)","decl":{"start":{"line":40,"column":23},"end":{"line":40,"column":24}},"loc":{"start":{"line":40,"column":35},"end":{"line":48,"column":5}}},"3":{"name":"(anonymous_4)","decl":{"start":{"line":41,"column":58},"end":{"line":41,"column":59}},"loc":{"start":{"line":41,"column":71},"end":{"line":47,"column":7}}},"4":{"name":"(anonymous_5)","decl":{"start":{"line":51,"column":2},"end":{"line":51,"column":7}},"loc":{"start":{"line":51,"column":39},"end":{"line":92,"column":3}}},"5":{"name":"(anonymous_6)","decl":{"start":{"line":94,"column":2},"end":{"line":94,"column":7}},"loc":{"start":{"line":94,"column":21},"end":{"line":122,"column":3}}},"6":{"name":"(anonymous_7)","decl":{"start":{"line":124,"column":2},"end":{"line":124,"column":7}},"loc":{"start":{"line":124,"column":53},"end":{"line":183,"column":3}}},"7":{"name":"(anonymous_8)","decl":{"start":{"line":131,"column":35},"end":{"line":131,"column":39}},"loc":{"start":{"line":131,"column":44},"end":{"line":135,"column":10}}}},"branchMap":{"0":{"loc":{"start":{"line":14,"column":4},"end":{"line":16,"column":5}},"type":"if","locations":[{"start":{"line":14,"column":4},"end":{"line":16,"column":5}}]},"1":{"loc":{"start":{"line":17,"column":4},"end":{"line":19,"column":5}},"type":"if","locations":[{"start":{"line":17,"column":4},"end":{"line":19,"column":5}}]},"2":{"loc":{"start":{"line":20,"column":4},"end":{"line":22,"column":5}},"type":"if","locations":[{"start":{"line":20,"column":4},"end":{"line":22,"column":5}}]},"3":{"loc":{"start":{"line":42,"column":8},"end":{"line":46,"column":9}},"type":"if","locations":[{"start":{"line":42,"column":8},"end":{"line":46,"column":9}},{"start":{"line":44,"column":15},"end":{"line":46,"column":9}}]},"4":{"loc":{"start":{"line":57,"column":6},"end":{"line":87,"column":7}},"type":"if","locations":[{"start":{"line":57,"column":6},"end":{"line":87,"column":7}}]},"5":{"loc":{"start":{"line":62,"column":10},"end":{"line":62,"column":34}},"type":"binary-expr","locations":[{"start":{"line":62,"column":10},"end":{"line":62,"column":28}},{"start":{"line":62,"column":32},"end":{"line":62,"column":34}}]},"6":{"loc":{"start":{"line":67,"column":8},"end":{"line":85,"column":9}},"type":"if","locations":[{"start":{"line":67,"column":8},"end":{"line":85,"column":9}}]},"7":{"loc":{"start":{"line":67,"column":12},"end":{"line":67,"column":77}},"type":"binary-expr","locations":[{"start":{"line":67,"column":12},"end":{"line":67,"column":39}},{"start":{"line":67,"column":43},"end":{"line":67,"column":77}}]},"8":{"loc":{"start":{"line":69,"column":29},"end":{"line":69,"column":69}},"type":"cond-expr","locations":[{"start":{"line":69,"column":53},"end":{"line":69,"column":60}},{"start":{"line":69,"column":63},"end":{"line":69,"column":69}}]},"9":{"loc":{"start":{"line":72,"column":10},"end":{"line":74,"column":11}},"type":"if","locations":[{"start":{"line":72,"column":10},"end":{"line":74,"column":11}}]},"10":{"loc":{"start":{"line":76,"column":10},"end":{"line":78,"column":11}},"type":"if","locations":[{"start":{"line":76,"column":10},"end":{"line":78,"column":11}}]},"11":{"loc":{"start":{"line":102,"column":6},"end":{"line":105,"column":7}},"type":"if","locations":[{"start":{"line":102,"column":6},"end":{"line":105,"column":7}}]},"12":{"loc":{"start":{"line":108,"column":8},"end":{"line":115,"column":9}},"type":"if","locations":[{"start":{"line":108,"column":8},"end":{"line":115,"column":9}}]},"13":{"loc":{"start":{"line":112,"column":10},"end":{"line":114,"column":11}},"type":"if","locations":[{"start":{"line":112,"column":10},"end":{"line":114,"column":11}}]},"14":{"loc":{"start":{"line":129,"column":6},"end":{"line":178,"column":7}},"type":"if","locations":[{"start":{"line":129,"column":6},"end":{"line":178,"column":7}},{"start":{"line":175,"column":13},"end":{"line":178,"column":7}}]},"15":{"loc":{"start":{"line":138,"column":8},"end":{"line":141,"column":9}},"type":"if","locations":[{"start":{"line":138,"column":8},"end":{"line":141,"column":9}}]},"16":{"loc":{"start":{"line":143,"column":8},"end":{"line":145,"column":9}},"type":"if","locations":[{"start":{"line":143,"column":8},"end":{"line":145,"column":9}}]},"17":{"loc":{"start":{"line":169,"column":8},"end":{"line":174,"column":9}},"type":"if","locations":[{"start":{"line":169,"column":8},"end":{"line":174,"column":9}},{"start":{"line":171,"column":15},"end":{"line":174,"column":9}}]}},"s":{"0":1,"1":1,"2":1,"3":1,"4":1,"5":4,"6":0,"7":4,"8":0,"9":4,"10":0,"11":4,"12":4,"13":4,"14":4,"15":0,"16":0,"17":0,"18":0,"19":0,"20":0,"21":0,"22":0,"23":0,"24":0,"25":0,"26":0,"27":0,"28":0,"29":0,"30":0,"31":0,"32":0,"33":0,"34":0,"35":0,"36":0,"37":0,"38":0,"39":0,"40":0,"41":0,"42":0,"43":0,"44":0,"45":0,"46":0,"47":0,"48":0,"49":0,"50":0,"51":0,"52":0,"53":0,"54":0,"55":0,"56":0,"57":0,"58":0,"59":0,"60":0,"61":0,"62":0,"63":0,"64":0,"65":0,"66":0,"67":0,"68":0,"69":0,"70":0,"71":0,"72":0,"73":0,"74":0,"75":0,"76":0,"77":0,"78":0,"79":0,"80":0,"81":0,"82":0,"83":0,"84":0,"85":0,"86":0,"87":0,"88":0,"89":0,"90":1},"f":{"0":4,"1":0,"2":0,"3":0,"4":0,"5":0,"6":0,"7":0},"b":{"0":[0],"1":[0],"2":[0],"3":[0,0],"4":[0],"5":[0,0],"6":[0],"7":[0,0],"8":[0,0],"9":[0],"10":[0],"11":[0],"12":[0],"13":[0],"14":[0,0],"15":[0],"16":[0],"17":[0,0]}}
,"/Users/mac/Desktop/code-open/nacos-mcp-router/src/typescript/src/nacos_mcp_server_config.ts": {"path":"/Users/mac/Desktop/code-open/nacos-mcp-router/src/typescript/src/nacos_mcp_server_config.ts","statementMap":{"0":{"start":{"line":1,"column":0},"end":{"line":1,"column":34}},"1":{"start":{"line":13,"column":4},"end":{"line":13,"column":21}},"2":{"start":{"line":14,"column":4},"end":{"line":14,"column":35}},"3":{"start":{"line":18,"column":4},"end":{"line":20,"column":5}},"4":{"start":{"line":19,"column":6},"end":{"line":19,"column":43}},"5":{"start":{"line":21,"column":4},"end":{"line":21,"column":62}},"6":{"start":{"line":8,"column":0},"end":{"line":8,"column":13}},"7":{"start":{"line":35,"column":4},"end":{"line":35,"column":21}},"8":{"start":{"line":36,"column":4},"end":{"line":36,"column":33}},"9":{"start":{"line":40,"column":4},"end":{"line":42,"column":5}},"10":{"start":{"line":41,"column":6},"end":{"line":41,"column":41}},"11":{"start":{"line":43,"column":54},"end":{"line":43,"column":56}},"12":{"start":{"line":44,"column":4},"end":{"line":46,"column":5}},"13":{"start":{"line":45,"column":6},"end":{"line":45,"column":81}},"14":{"start":{"line":47,"column":4},"end":{"line":47,"column":54}},"15":{"start":{"line":30,"column":0},"end":{"line":30,"column":13}},"16":{"start":{"line":63,"column":4},"end":{"line":63,"column":21}},"17":{"start":{"line":64,"column":4},"end":{"line":64,"column":35}},"18":{"start":{"line":65,"column":4},"end":{"line":65,"column":35}},"19":{"start":{"line":69,"column":4},"end":{"line":73,"column":6}},"20":{"start":{"line":57,"column":0},"end":{"line":57,"column":13}},"21":{"start":{"line":89,"column":4},"end":{"line":89,"column":39}},"22":{"start":{"line":90,"column":4},"end":{"line":90,"column":27}},"23":{"start":{"line":91,"column":4},"end":{"line":91,"column":31}},"24":{"start":{"line":95,"column":4},"end":{"line":99,"column":6}},"25":{"start":{"line":83,"column":0},"end":{"line":83,"column":13}},"26":{"start":{"line":113,"column":4},"end":{"line":113,"column":23}},"27":{"start":{"line":114,"column":4},"end":{"line":114,"column":31}},"28":{"start":{"line":118,"column":4},"end":{"line":123,"column":6}},"29":{"start":{"line":119,"column":41},"end":{"line":119,"column":61}},"30":{"start":{"line":121,"column":61},"end":{"line":121,"column":113}},"31":{"start":{"line":108,"column":0},"end":{"line":108,"column":13}},"32":{"start":{"line":139,"column":4},"end":{"line":139,"column":35}},"33":{"start":{"line":140,"column":4},"end":{"line":140,"column":31}},"34":{"start":{"line":141,"column":4},"end":{"line":141,"column":35}},"35":{"start":{"line":145,"column":4},"end":{"line":147,"column":5}},"36":{"start":{"line":146,"column":6},"end":{"line":146,"column":44}},"37":{"start":{"line":148,"column":4},"end":{"line":152,"column":6}},"38":{"start":{"line":133,"column":0},"end":{"line":133,"column":13}},"39":{"start":{"line":168,"column":4},"end":{"line":168,"column":33}},"40":{"start":{"line":169,"column":4},"end":{"line":169,"column":33}},"41":{"start":{"line":170,"column":4},"end":{"line":170,"column":35}},"42":{"start":{"line":174,"column":4},"end":{"line":176,"column":5}},"43":{"start":{"line":175,"column":6},"end":{"line":175,"column":77}},"44":{"start":{"line":177,"column":4},"end":{"line":181,"column":6}},"45":{"start":{"line":162,"column":0},"end":{"line":162,"column":13}},"46":{"start":{"line":195,"column":4},"end":{"line":195,"column":27}},"47":{"start":{"line":196,"column":4},"end":{"line":196,"column":21}},"48":{"start":{"line":200,"column":4},"end":{"line":202,"column":5}},"49":{"start":{"line":201,"column":6},"end":{"line":201,"column":45}},"50":{"start":{"line":203,"column":4},"end":{"line":203,"column":60}},"51":{"start":{"line":190,"column":0},"end":{"line":190,"column":13}},"52":{"start":{"line":245,"column":4},"end":{"line":245,"column":21}},"53":{"start":{"line":246,"column":4},"end":{"line":246,"column":29}},"54":{"start":{"line":247,"column":4},"end":{"line":247,"column":35}},"55":{"start":{"line":248,"column":4},"end":{"line":248,"column":27}},"56":{"start":{"line":249,"column":4},"end":{"line":249,"column":49}},"57":{"start":{"line":250,"column":4},"end":{"line":250,"column":47}},"58":{"start":{"line":251,"column":4},"end":{"line":251,"column":27}},"59":{"start":{"line":252,"column":4},"end":{"line":252,"column":37}},"60":{"start":{"line":253,"column":4},"end":{"line":253,"column":45}},"61":{"start":{"line":254,"column":4},"end":{"line":254,"column":29}},"62":{"start":{"line":258,"column":25},"end":{"line":258,"column":38}},"63":{"start":{"line":259,"column":33},"end":{"line":259,"column":54}},"64":{"start":{"line":261,"column":4},"end":{"line":277,"column":5}},"65":{"start":{"line":262,"column":6},"end":{"line":273,"column":8}},"66":{"start":{"line":271,"column":68},"end":{"line":271,"column":99}},"67":{"start":{"line":275,"column":6},"end":{"line":275,"column":100}},"68":{"start":{"line":276,"column":6},"end":{"line":276,"column":72}},"69":{"start":{"line":281,"column":4},"end":{"line":281,"column":65}},"70":{"start":{"line":285,"column":14},"end":{"line":285,"column":36}},"71":{"start":{"line":286,"column":4},"end":{"line":290,"column":5}},"72":{"start":{"line":287,"column":6},"end":{"line":289,"column":7}},"73":{"start":{"line":288,"column":8},"end":{"line":288,"column":39}},"74":{"start":{"line":291,"column":4},"end":{"line":291,"column":15}},"75":{"start":{"line":221,"column":0},"end":{"line":221,"column":13}}},"fnMap":{"0":{"name":"(anonymous_0)","decl":{"start":{"line":12,"column":2},"end":{"line":12,"column":14}},"loc":{"start":{"line":12,"column":47},"end":{"line":15,"column":3}}},"1":{"name":"(anonymous_1)","decl":{"start":{"line":17,"column":2},"end":{"line":17,"column":8}},"loc":{"start":{"line":17,"column":50},"end":{"line":22,"column":3}}},"2":{"name":"(anonymous_2)","decl":{"start":{"line":34,"column":2},"end":{"line":34,"column":14}},"loc":{"start":{"line":34,"column":69},"end":{"line":37,"column":3}}},"3":{"name":"(anonymous_3)","decl":{"start":{"line":39,"column":2},"end":{"line":39,"column":8}},"loc":{"start":{"line":39,"column":50},"end":{"line":48,"column":3}}},"4":{"name":"(anonymous_4)","decl":{"start":{"line":62,"column":2},"end":{"line":62,"column":14}},"loc":{"start":{"line":62,"column":73},"end":{"line":66,"column":3}}},"5":{"name":"(anonymous_5)","decl":{"start":{"line":68,"column":2},"end":{"line":68,"column":8}},"loc":{"start":{"line":68,"column":43},"end":{"line":74,"column":3}}},"6":{"name":"(anonymous_6)","decl":{"start":{"line":88,"column":2},"end":{"line":88,"column":14}},"loc":{"start":{"line":88,"column":101},"end":{"line":92,"column":3}}},"7":{"name":"(anonymous_7)","decl":{"start":{"line":94,"column":2},"end":{"line":94,"column":8}},"loc":{"start":{"line":94,"column":43},"end":{"line":100,"column":3}}},"8":{"name":"(anonymous_8)","decl":{"start":{"line":112,"column":2},"end":{"line":112,"column":14}},"loc":{"start":{"line":112,"column":64},"end":{"line":115,"column":3}}},"9":{"name":"(anonymous_9)","decl":{"start":{"line":117,"column":2},"end":{"line":117,"column":8}},"loc":{"start":{"line":117,"column":43},"end":{"line":124,"column":3}}},"10":{"name":"(anonymous_10)","decl":{"start":{"line":119,"column":29},"end":{"line":119,"column":30}},"loc":{"start":{"line":119,"column":41},"end":{"line":119,"column":61}}},"11":{"name":"(anonymous_11)","decl":{"start":{"line":121,"column":49},"end":{"line":121,"column":50}},"loc":{"start":{"line":121,"column":61},"end":{"line":121,"column":113}}},"12":{"name":"(anonymous_12)","decl":{"start":{"line":138,"column":2},"end":{"line":138,"column":14}},"loc":{"start":{"line":138,"column":73},"end":{"line":142,"column":3}}},"13":{"name":"(anonymous_13)","decl":{"start":{"line":144,"column":2},"end":{"line":144,"column":8}},"loc":{"start":{"line":144,"column":50},"end":{"line":153,"column":3}}},"14":{"name":"(anonymous_14)","decl":{"start":{"line":167,"column":2},"end":{"line":167,"column":14}},"loc":{"start":{"line":167,"column":90},"end":{"line":171,"column":3}}},"15":{"name":"(anonymous_15)","decl":{"start":{"line":173,"column":2},"end":{"line":173,"column":8}},"loc":{"start":{"line":173,"column":50},"end":{"line":182,"column":3}}},"16":{"name":"(anonymous_16)","decl":{"start":{"line":194,"column":2},"end":{"line":194,"column":14}},"loc":{"start":{"line":194,"column":43},"end":{"line":197,"column":3}}},"17":{"name":"(anonymous_17)","decl":{"start":{"line":199,"column":2},"end":{"line":199,"column":8}},"loc":{"start":{"line":199,"column":50},"end":{"line":204,"column":3}}},"18":{"name":"(anonymous_18)","decl":{"start":{"line":233,"column":2},"end":{"line":233,"column":null}},"loc":{"start":{"line":243,"column":22},"end":{"line":255,"column":3}}},"19":{"name":"(anonymous_19)","decl":{"start":{"line":257,"column":2},"end":{"line":257,"column":8}},"loc":{"start":{"line":257,"column":43},"end":{"line":278,"column":3}}},"20":{"name":"(anonymous_20)","decl":{"start":{"line":271,"column":56},"end":{"line":271,"column":57}},"loc":{"start":{"line":271,"column":68},"end":{"line":271,"column":99}}},"21":{"name":"(anonymous_21)","decl":{"start":{"line":280,"column":2},"end":{"line":280,"column":8}},"loc":{"start":{"line":280,"column":34},"end":{"line":282,"column":3}}},"22":{"name":"(anonymous_22)","decl":{"start":{"line":284,"column":2},"end":{"line":284,"column":20}},"loc":{"start":{"line":284,"column":20},"end":{"line":292,"column":3}}}},"branchMap":{"0":{"loc":{"start":{"line":18,"column":4},"end":{"line":20,"column":5}},"type":"if","locations":[{"start":{"line":18,"column":4},"end":{"line":20,"column":5}}]},"1":{"loc":{"start":{"line":18,"column":8},"end":{"line":18,"column":47}},"type":"binary-expr","locations":[{"start":{"line":18,"column":8},"end":{"line":18,"column":13}},{"start":{"line":18,"column":17},"end":{"line":18,"column":47}}]},"2":{"loc":{"start":{"line":40,"column":4},"end":{"line":42,"column":5}},"type":"if","locations":[{"start":{"line":40,"column":4},"end":{"line":42,"column":5}}]},"3":{"loc":{"start":{"line":40,"column":8},"end":{"line":40,"column":47}},"type":"binary-expr","locations":[{"start":{"line":40,"column":8},"end":{"line":40,"column":13}},{"start":{"line":40,"column":17},"end":{"line":40,"column":47}}]},"4":{"loc":{"start":{"line":96,"column":6},"end":{"line":96,"column":30}},"type":"binary-expr","locations":[{"start":{"line":96,"column":6},"end":{"line":96,"column":24}},{"start":{"line":96,"column":28},"end":{"line":96,"column":30}}]},"5":{"loc":{"start":{"line":97,"column":6},"end":{"line":97,"column":26}},"type":"binary-expr","locations":[{"start":{"line":97,"column":6},"end":{"line":97,"column":18}},{"start":{"line":97,"column":22},"end":{"line":97,"column":26}}]},"6":{"loc":{"start":{"line":98,"column":6},"end":{"line":98,"column":26}},"type":"binary-expr","locations":[{"start":{"line":98,"column":6},"end":{"line":98,"column":20}},{"start":{"line":98,"column":24},"end":{"line":98,"column":26}}]},"7":{"loc":{"start":{"line":119,"column":7},"end":{"line":119,"column":23}},"type":"binary-expr","locations":[{"start":{"line":119,"column":7},"end":{"line":119,"column":17}},{"start":{"line":119,"column":21},"end":{"line":119,"column":23}}]},"8":{"loc":{"start":{"line":121,"column":23},"end":{"line":121,"column":43}},"type":"binary-expr","locations":[{"start":{"line":121,"column":23},"end":{"line":121,"column":37}},{"start":{"line":121,"column":41},"end":{"line":121,"column":43}}]},"9":{"loc":{"start":{"line":145,"column":4},"end":{"line":147,"column":5}},"type":"if","locations":[{"start":{"line":145,"column":4},"end":{"line":147,"column":5}}]},"10":{"loc":{"start":{"line":145,"column":8},"end":{"line":145,"column":47}},"type":"binary-expr","locations":[{"start":{"line":145,"column":8},"end":{"line":145,"column":13}},{"start":{"line":145,"column":17},"end":{"line":145,"column":47}}]},"11":{"loc":{"start":{"line":174,"column":4},"end":{"line":176,"column":5}},"type":"if","locations":[{"start":{"line":174,"column":4},"end":{"line":176,"column":5}}]},"12":{"loc":{"start":{"line":174,"column":8},"end":{"line":174,"column":47}},"type":"binary-expr","locations":[{"start":{"line":174,"column":8},"end":{"line":174,"column":13}},{"start":{"line":174,"column":17},"end":{"line":174,"column":47}}]},"13":{"loc":{"start":{"line":180,"column":6},"end":{"line":180,"column":28}},"type":"binary-expr","locations":[{"start":{"line":180,"column":6},"end":{"line":180,"column":22}},{"start":{"line":180,"column":26},"end":{"line":180,"column":28}}]},"14":{"loc":{"start":{"line":200,"column":4},"end":{"line":202,"column":5}},"type":"if","locations":[{"start":{"line":200,"column":4},"end":{"line":202,"column":5}}]},"15":{"loc":{"start":{"line":200,"column":8},"end":{"line":200,"column":47}},"type":"binary-expr","locations":[{"start":{"line":200,"column":8},"end":{"line":200,"column":13}},{"start":{"line":200,"column":17},"end":{"line":200,"column":47}}]},"16":{"loc":{"start":{"line":268,"column":8},"end":{"line":268,"column":36}},"type":"binary-expr","locations":[{"start":{"line":268,"column":8},"end":{"line":268,"column":30}},{"start":{"line":268,"column":34},"end":{"line":268,"column":36}}]},"17":{"loc":{"start":{"line":269,"column":8},"end":{"line":269,"column":28}},"type":"binary-expr","locations":[{"start":{"line":269,"column":8},"end":{"line":269,"column":20}},{"start":{"line":269,"column":24},"end":{"line":269,"column":28}}]},"18":{"loc":{"start":{"line":270,"column":8},"end":{"line":270,"column":31}},"type":"binary-expr","locations":[{"start":{"line":270,"column":8},"end":{"line":270,"column":25}},{"start":{"line":270,"column":29},"end":{"line":270,"column":31}}]},"19":{"loc":{"start":{"line":271,"column":8},"end":{"line":271,"column":105}},"type":"cond-expr","locations":[{"start":{"line":271,"column":31},"end":{"line":271,"column":100}},{"start":{"line":271,"column":103},"end":{"line":271,"column":105}}]},"20":{"loc":{"start":{"line":272,"column":8},"end":{"line":272,"column":85}},"type":"cond-expr","locations":[{"start":{"line":272,"column":23},"end":{"line":272,"column":58}},{"start":{"line":272,"column":61},"end":{"line":272,"column":85}}]},"21":{"loc":{"start":{"line":285,"column":14},"end":{"line":285,"column":36}},"type":"binary-expr","locations":[{"start":{"line":285,"column":14},"end":{"line":285,"column":30}},{"start":{"line":285,"column":34},"end":{"line":285,"column":36}}]},"22":{"loc":{"start":{"line":287,"column":6},"end":{"line":289,"column":7}},"type":"if","locations":[{"start":{"line":287,"column":6},"end":{"line":289,"column":7}}]}},"s":{"0":1,"1":0,"2":0,"3":0,"4":0,"5":0,"6":1,"7":0,"8":0,"9":0,"10":0,"11":0,"12":0,"13":0,"14":0,"15":1,"16":0,"17":0,"18":0,"19":0,"20":1,"21":0,"22":0,"23":0,"24":0,"25":1,"26":0,"27":0,"28":0,"29":0,"30":0,"31":1,"32":0,"33":0,"34":0,"35":0,"36":0,"37":0,"38":1,"39":0,"40":0,"41":0,"42":0,"43":0,"44":0,"45":1,"46":0,"47":0,"48":0,"49":0,"50":0,"51":1,"52":0,"53":0,"54":0,"55":0,"56":0,"57":0,"58":0,"59":0,"60":0,"61":0,"62":0,"63":0,"64":0,"65":0,"66":0,"67":0,"68":0,"69":0,"70":0,"71":0,"72":0,"73":0,"74":0,"75":1},"f":{"0":0,"1":0,"2":0,"3":0,"4":0,"5":0,"6":0,"7":0,"8":0,"9":0,"10":0,"11":0,"12":0,"13":0,"14":0,"15":0,"16":0,"17":0,"18":0,"19":0,"20":0,"21":0,"22":0},"b":{"0":[0],"1":[0,0],"2":[0],"3":[0,0],"4":[0,0],"5":[0,0],"6":[0,0],"7":[0,0],"8":[0,0],"9":[0],"10":[0,0],"11":[0],"12":[0,0],"13":[0,0],"14":[0],"15":[0,0],"16":[0,0],"17":[0,0],"18":[0,0],"19":[0,0],"20":[0,0],"21":[0,0],"22":[0]}}
,"/Users/mac/Desktop/code-open/nacos-mcp-router/src/typescript/src/router.ts": {"path":"/Users/mac/Desktop/code-open/nacos-mcp-router/src/typescript/src/router.ts","statementMap":{"0":{"start":{"line":1,"column":0},"end":{"line":1,"column":68}},"1":{"start":{"line":2,"column":0},"end":{"line":2,"column":81}},"2":{"start":{"line":3,"column":0},"end":{"line":3,"column":54}},"3":{"start":{"line":4,"column":0},"end":{"line":4,"column":43}},"4":{"start":{"line":5,"column":0},"end":{"line":5,"column":34}},"5":{"start":{"line":6,"column":0},"end":{"line":6,"column":24}},"6":{"start":{"line":7,"column":0},"end":{"line":7,"column":73}},"7":{"start":{"line":8,"column":0},"end":{"line":8,"column":58}},"8":{"start":{"line":10,"column":0},"end":{"line":10,"column":70}},"9":{"start":{"line":11,"column":0},"end":{"line":11,"column":82}},"10":{"start":{"line":14,"column":0},"end":{"line":14,"column":80}},"11":{"start":{"line":16,"column":24},"end":{"line":16,"column":42}},"12":{"start":{"line":44,"column":45},"end":{"line":44,"column":57}},"13":{"start":{"line":45,"column":4},"end":{"line":45,"column":75}},"14":{"start":{"line":49,"column":4},"end":{"line":51,"column":5}},"15":{"start":{"line":50,"column":6},"end":{"line":50,"column":80}},"16":{"start":{"line":52,"column":4},"end":{"line":142,"column":5}},"17":{"start":{"line":53,"column":6},"end":{"line":94,"column":8}},"18":{"start":{"line":60,"column":10},"end":{"line":92,"column":11}},"19":{"start":{"line":61,"column":50},"end":{"line":61,"column":102}},"20":{"start":{"line":64,"column":82},"end":{"line":64,"column":84}},"21":{"start":{"line":65,"column":12},"end":{"line":70,"column":13}},"22":{"start":{"line":66,"column":14},"end":{"line":69,"column":16}},"23":{"start":{"line":72,"column":28},"end":{"line":72,"column":59}},"24":{"start":{"line":73,"column":31},"end":{"line":76,"column":71}},"25":{"start":{"line":78,"column":12},"end":{"line":83,"column":14}},"26":{"start":{"line":85,"column":12},"end":{"line":85,"column":82}},"27":{"start":{"line":86,"column":12},"end":{"line":91,"column":14}},"28":{"start":{"line":95,"column":6},"end":{"line":119,"column":8}},"29":{"start":{"line":100,"column":10},"end":{"line":117,"column":11}},"30":{"start":{"line":101,"column":27},"end":{"line":101,"column":90}},"31":{"start":{"line":102,"column":12},"end":{"line":107,"column":14}},"32":{"start":{"line":109,"column":12},"end":{"line":109,"column":96}},"33":{"start":{"line":111,"column":12},"end":{"line":116,"column":14}},"34":{"start":{"line":120,"column":6},"end":{"line":138,"column":8}},"35":{"start":{"line":125,"column":10},"end":{"line":136,"column":11}},"36":{"start":{"line":126,"column":27},"end":{"line":126,"column":77}},"37":{"start":{"line":127,"column":12},"end":{"line":132,"column":14}},"38":{"start":{"line":134,"column":12},"end":{"line":134,"column":78}},"39":{"start":{"line":135,"column":12},"end":{"line":135,"column":101}},"40":{"start":{"line":140,"column":6},"end":{"line":140,"column":59}},"41":{"start":{"line":141,"column":6},"end":{"line":141,"column":90}},"42":{"start":{"line":152,"column":4},"end":{"line":154,"column":5}},"43":{"start":{"line":153,"column":6},"end":{"line":153,"column":84}},"44":{"start":{"line":156,"column":4},"end":{"line":189,"column":5}},"45":{"start":{"line":157,"column":21},"end":{"line":161,"column":8}},"46":{"start":{"line":164,"column":22},"end":{"line":164,"column":61}},"47":{"start":{"line":167,"column":6},"end":{"line":185,"column":9}},"48":{"start":{"line":169,"column":23},"end":{"line":169,"column":54}},"49":{"start":{"line":172,"column":8},"end":{"line":172,"column":58}},"50":{"start":{"line":172,"column":38},"end":{"line":172,"column":55}},"51":{"start":{"line":173,"column":8},"end":{"line":173,"column":78}},"52":{"start":{"line":173,"column":45},"end":{"line":173,"column":75}},"53":{"start":{"line":174,"column":8},"end":{"line":174,"column":78}},"54":{"start":{"line":174,"column":45},"end":{"line":174,"column":75}},"55":{"start":{"line":175,"column":8},"end":{"line":182,"column":10}},"56":{"start":{"line":176,"column":10},"end":{"line":181,"column":12}},"57":{"start":{"line":184,"column":8},"end":{"line":184,"column":22}},"58":{"start":{"line":187,"column":6},"end":{"line":187,"column":55}},"59":{"start":{"line":188,"column":6},"end":{"line":188,"column":126}},"60":{"start":{"line":193,"column":4},"end":{"line":241,"column":5}},"61":{"start":{"line":198,"column":22},"end":{"line":198,"column":58}},"62":{"start":{"line":199,"column":7},"end":{"line":199,"column":56}},"63":{"start":{"line":200,"column":6},"end":{"line":205,"column":7}},"64":{"start":{"line":201,"column":8},"end":{"line":201,"column":39}},"65":{"start":{"line":202,"column":8},"end":{"line":202,"column":36}},"66":{"start":{"line":203,"column":8},"end":{"line":203,"column":38}},"67":{"start":{"line":204,"column":8},"end":{"line":204,"column":87}},"68":{"start":{"line":206,"column":22},"end":{"line":206,"column":54}},"69":{"start":{"line":207,"column":6},"end":{"line":209,"column":7}},"70":{"start":{"line":208,"column":8},"end":{"line":208,"column":136}},"71":{"start":{"line":210,"column":6},"end":{"line":210,"column":54}},"72":{"start":{"line":211,"column":6},"end":{"line":220,"column":7}},"73":{"start":{"line":213,"column":8},"end":{"line":213,"column":80}},"74":{"start":{"line":216,"column":30},"end":{"line":216,"column":67}},"75":{"start":{"line":217,"column":32},"end":{"line":217,"column":75}},"76":{"start":{"line":219,"column":8},"end":{"line":219,"column":81}},"77":{"start":{"line":221,"column":6},"end":{"line":226,"column":7}},"78":{"start":{"line":222,"column":8},"end":{"line":225,"column":11}},"79":{"start":{"line":228,"column":6},"end":{"line":228,"column":38}},"80":{"start":{"line":229,"column":6},"end":{"line":229,"column":30}},"81":{"start":{"line":230,"column":6},"end":{"line":237,"column":7}},"82":{"start":{"line":231,"column":8},"end":{"line":231,"column":50}},"83":{"start":{"line":233,"column":26},"end":{"line":233,"column":52}},"84":{"start":{"line":234,"column":8},"end":{"line":234,"column":47}},"85":{"start":{"line":235,"column":8},"end":{"line":235,"column":49}},"86":{"start":{"line":236,"column":8},"end":{"line":236,"column":87}},"87":{"start":{"line":239,"column":6},"end":{"line":239,"column":63}},"88":{"start":{"line":36,"column":0},"end":{"line":36,"column":13}}},"fnMap":{"0":{"name":"(anonymous_9)","decl":{"start":{"line":43,"column":2},"end":{"line":43,"column":14}},"loc":{"start":{"line":43,"column":34},"end":{"line":46,"column":3}}},"1":{"name":"(anonymous_10)","decl":{"start":{"line":48,"column":10},"end":{"line":48,"column":15}},"loc":{"start":{"line":48,"column":32},"end":{"line":143,"column":3}}},"2":{"name":"(anonymous_11)","decl":{"start":{"line":59,"column":8},"end":{"line":59,"column":13}},"loc":{"start":{"line":59,"column":48},"end":{"line":93,"column":9}}},"3":{"name":"(anonymous_12)","decl":{"start":{"line":99,"column":8},"end":{"line":99,"column":13}},"loc":{"start":{"line":99,"column":54},"end":{"line":118,"column":9}}},"4":{"name":"(anonymous_13)","decl":{"start":{"line":124,"column":8},"end":{"line":124,"column":13}},"loc":{"start":{"line":124,"column":36},"end":{"line":137,"column":9}}},"5":{"name":"(anonymous_14)","decl":{"start":{"line":151,"column":9},"end":{"line":151,"column":14}},"loc":{"start":{"line":151,"column":87},"end":{"line":190,"column":3}}},"6":{"name":"(anonymous_15)","decl":{"start":{"line":167,"column":25},"end":{"line":167,"column":31}},"loc":{"start":{"line":167,"column":34},"end":{"line":185,"column":7}}},"7":{"name":"(anonymous_16)","decl":{"start":{"line":172,"column":25},"end":{"line":172,"column":38}},"loc":{"start":{"line":172,"column":25},"end":{"line":172,"column":57}}},"8":{"name":"(anonymous_17)","decl":{"start":{"line":173,"column":32},"end":{"line":173,"column":45}},"loc":{"start":{"line":173,"column":32},"end":{"line":173,"column":77}}},"9":{"name":"(anonymous_18)","decl":{"start":{"line":174,"column":32},"end":{"line":174,"column":45}},"loc":{"start":{"line":174,"column":32},"end":{"line":174,"column":77}}},"10":{"name":"(anonymous_19)","decl":{"start":{"line":175,"column":24},"end":{"line":175,"column":null}},"loc":{"start":{"line":175,"column":24},"end":{"line":182,"column":9}}},"11":{"name":"(anonymous_20)","decl":{"start":{"line":192,"column":9},"end":{"line":192,"column":14}},"loc":{"start":{"line":192,"column":49},"end":{"line":242,"column":3}}},"12":{"name":"(anonymous_21)","decl":{"start":{"line":198,"column":22},"end":{"line":198,"column":35}},"loc":{"start":{"line":198,"column":22},"end":{"line":198,"column":58}}}},"branchMap":{"0":{"loc":{"start":{"line":49,"column":4},"end":{"line":51,"column":5}},"type":"if","locations":[{"start":{"line":49,"column":4},"end":{"line":51,"column":5}}]},"1":{"loc":{"start":{"line":152,"column":4},"end":{"line":154,"column":5}},"type":"if","locations":[{"start":{"line":152,"column":4},"end":{"line":154,"column":5}}]},"2":{"loc":{"start":{"line":173,"column":52},"end":{"line":173,"column":74}},"type":"binary-expr","locations":[{"start":{"line":173,"column":52},"end":{"line":173,"column":68}},{"start":{"line":173,"column":72},"end":{"line":173,"column":74}}]},"3":{"loc":{"start":{"line":174,"column":52},"end":{"line":174,"column":74}},"type":"binary-expr","locations":[{"start":{"line":174,"column":52},"end":{"line":174,"column":68}},{"start":{"line":174,"column":72},"end":{"line":174,"column":74}}]},"4":{"loc":{"start":{"line":178,"column":25},"end":{"line":178,"column":47}},"type":"binary-expr","locations":[{"start":{"line":178,"column":25},"end":{"line":178,"column":41}},{"start":{"line":178,"column":45},"end":{"line":178,"column":47}}]},"5":{"loc":{"start":{"line":180,"column":25},"end":{"line":180,"column":47}},"type":"binary-expr","locations":[{"start":{"line":180,"column":25},"end":{"line":180,"column":41}},{"start":{"line":180,"column":45},"end":{"line":180,"column":47}}]},"6":{"loc":{"start":{"line":188,"column":68},"end":{"line":188,"column":122}},"type":"cond-expr","locations":[{"start":{"line":188,"column":93},"end":{"line":188,"column":106}},{"start":{"line":188,"column":109},"end":{"line":188,"column":122}}]},"7":{"loc":{"start":{"line":200,"column":6},"end":{"line":205,"column":7}},"type":"if","locations":[{"start":{"line":200,"column":6},"end":{"line":205,"column":7}}]},"8":{"loc":{"start":{"line":207,"column":6},"end":{"line":209,"column":7}},"type":"if","locations":[{"start":{"line":207,"column":6},"end":{"line":209,"column":7}}]},"9":{"loc":{"start":{"line":211,"column":6},"end":{"line":220,"column":7}},"type":"if","locations":[{"start":{"line":211,"column":6},"end":{"line":220,"column":7}}]},"10":{"loc":{"start":{"line":221,"column":6},"end":{"line":226,"column":7}},"type":"if","locations":[{"start":{"line":221,"column":6},"end":{"line":226,"column":7}}]},"11":{"loc":{"start":{"line":230,"column":6},"end":{"line":237,"column":7}},"type":"if","locations":[{"start":{"line":230,"column":6},"end":{"line":237,"column":7}},{"start":{"line":232,"column":13},"end":{"line":237,"column":7}}]}},"s":{"0":1,"1":1,"2":1,"3":1,"4":1,"5":1,"6":1,"7":1,"8":1,"9":1,"10":1,"11":1,"12":4,"13":4,"14":0,"15":0,"16":0,"17":0,"18":0,"19":0,"20":0,"21":0,"22":0,"23":0,"24":0,"25":0,"26":0,"27":0,"28":0,"29":0,"30":0,"31":0,"32":0,"33":0,"34":0,"35":0,"36":0,"37":0,"38":0,"39":0,"40":0,"41":0,"42":4,"43":0,"44":4,"45":4,"46":4,"47":4,"48":11,"49":11,"50":0,"51":11,"52":0,"53":11,"54":0,"55":11,"56":0,"57":11,"58":0,"59":0,"60":0,"61":0,"62":0,"63":0,"64":0,"65":0,"66":0,"67":0,"68":0,"69":0,"70":0,"71":0,"72":0,"73":0,"74":0,"75":0,"76":0,"77":0,"78":0,"79":0,"80":0,"81":0,"82":0,"83":0,"84":0,"85":0,"86":0,"87":0,"88":1},"f":{"0":4,"1":0,"2":0,"3":0,"4":0,"5":4,"6":11,"7":0,"8":0,"9":0,"10":0,"11":0,"12":0},"b":{"0":[0],"1":[0],"2":[0,0],"3":[0,0],"4":[0,0],"5":[0,0],"6":[0,0],"7":[0],"8":[0],"9":[0],"10":[0],"11":[0,0]}}
,"/Users/mac/Desktop/code-open/nacos-mcp-router/src/typescript/src/router_types.ts": {"path":"/Users/mac/Desktop/code-open/nacos-mcp-router/src/typescript/src/router_types.ts","statementMap":{"0":{"start":{"line":1,"column":0},"end":{"line":1,"column":77}},"1":{"start":{"line":2,"column":0},"end":{"line":2,"column":81}},"2":{"start":{"line":3,"column":0},"end":{"line":3,"column":67}},"3":{"start":{"line":4,"column":0},"end":{"line":4,"column":34}},"4":{"start":{"line":5,"column":0},"end":{"line":5,"column":49}},"5":{"start":{"line":8,"column":0},"end":{"line":8,"column":174}},"6":{"start":{"line":9,"column":0},"end":{"line":9,"column":99}},"7":{"start":{"line":12,"column":2},"end":{"line":16,"column":5}},"8":{"start":{"line":20,"column":2},"end":{"line":23,"column":5}},"9":{"start":{"line":27,"column":2},"end":{"line":29,"column":5}},"10":{"start":{"line":40,"column":4},"end":{"line":40,"column":21}},"11":{"start":{"line":41,"column":4},"end":{"line":41,"column":25}},"12":{"start":{"line":42,"column":4},"end":{"line":42,"column":29}},"13":{"start":{"line":44,"column":4},"end":{"line":44,"column":87}},"14":{"start":{"line":46,"column":4},"end":{"line":46,"column":59}},"15":{"start":{"line":47,"column":4},"end":{"line":51,"column":5}},"16":{"start":{"line":48,"column":6},"end":{"line":48,"column":59}},"17":{"start":{"line":49,"column":11},"end":{"line":51,"column":5}},"18":{"start":{"line":50,"column":6},"end":{"line":50,"column":70}},"19":{"start":{"line":61,"column":28},"end":{"line":61,"column":29}},"20":{"start":{"line":63,"column":4},"end":{"line":66,"column":7}},"21":{"start":{"line":67,"column":4},"end":{"line":69,"column":null}},"22":{"start":{"line":68,"column":6},"end":{"line":68,"column":62}},"23":{"start":{"line":72,"column":4},"end":{"line":77,"column":7}},"24":{"start":{"line":73,"column":6},"end":{"line":73,"column":26}},"25":{"start":{"line":74,"column":6},"end":{"line":74,"column":116}},"26":{"start":{"line":79,"column":4},"end":{"line":94,"column":7}},"27":{"start":{"line":80,"column":6},"end":{"line":80,"column":66}},"28":{"start":{"line":81,"column":6},"end":{"line":93,"column":7}},"29":{"start":{"line":82,"column":8},"end":{"line":85,"column":9}},"30":{"start":{"line":83,"column":10},"end":{"line":83,"column":70}},"31":{"start":{"line":84,"column":10},"end":{"line":84,"column":17}},"32":{"start":{"line":86,"column":32},"end":{"line":89,"column":37}},"33":{"start":{"line":90,"column":8},"end":{"line":90,"column":84}},"34":{"start":{"line":92,"column":8},"end":{"line":92,"column":75}},"35":{"start":{"line":97,"column":4},"end":{"line":104,"column":5}},"36":{"start":{"line":98,"column":6},"end":{"line":101,"column":9}},"37":{"start":{"line":103,"column":6},"end":{"line":103,"column":87}},"38":{"start":{"line":105,"column":4},"end":{"line":105,"column":null}},"39":{"start":{"line":107,"column":4},"end":{"line":109,"column":5}},"40":{"start":{"line":108,"column":6},"end":{"line":108,"column":43}},"41":{"start":{"line":113,"column":4},"end":{"line":148,"column":5}},"42":{"start":{"line":114,"column":6},"end":{"line":114,"column":58}},"43":{"start":{"line":116,"column":6},"end":{"line":118,"column":7}},"44":{"start":{"line":117,"column":8},"end":{"line":117,"column":21}},"45":{"start":{"line":119,"column":21},"end":{"line":119,"column":46}},"46":{"start":{"line":120,"column":6},"end":{"line":120,"column":69}},"47":{"start":{"line":121,"column":6},"end":{"line":121,"column":18}},"48":{"start":{"line":146,"column":6},"end":{"line":146,"column":72}},"49":{"start":{"line":147,"column":6},"end":{"line":147,"column":19}},"50":{"start":{"line":157,"column":4},"end":{"line":159,"column":5}},"51":{"start":{"line":158,"column":6},"end":{"line":158,"column":64}},"52":{"start":{"line":161,"column":4},"end":{"line":169,"column":5}},"53":{"start":{"line":164,"column":26},"end":{"line":164,"column":55}},"54":{"start":{"line":165,"column":6},"end":{"line":165,"column":31}},"55":{"start":{"line":167,"column":6},"end":{"line":167,"column":71}},"56":{"start":{"line":168,"column":6},"end":{"line":168,"column":14}},"57":{"start":{"line":178,"column":4},"end":{"line":180,"column":5}},"58":{"start":{"line":179,"column":6},"end":{"line":179,"column":61}},"59":{"start":{"line":182,"column":29},"end":{"line":218,"column":5}},"60":{"start":{"line":183,"column":6},"end":{"line":217,"column":7}},"61":{"start":{"line":184,"column":31},"end":{"line":185,"column":76}},"62":{"start":{"line":185,"column":10},"end":{"line":185,"column":75}},"63":{"start":{"line":185,"column":31},"end":{"line":185,"column":67}},"64":{"start":{"line":187,"column":23},"end":{"line":193,"column":34}},"65":{"start":{"line":194,"column":8},"end":{"line":194,"column":22}},"66":{"start":{"line":196,"column":8},"end":{"line":198,"column":9}},"67":{"start":{"line":197,"column":10},"end":{"line":197,"column":18}},"68":{"start":{"line":200,"column":8},"end":{"line":203,"column":10}},"69":{"start":{"line":206,"column":8},"end":{"line":206,"column":72}},"70":{"start":{"line":206,"column":37},"end":{"line":206,"column":70}},"71":{"start":{"line":209,"column":8},"end":{"line":213,"column":9}},"72":{"start":{"line":210,"column":10},"end":{"line":210,"column":74}},"73":{"start":{"line":211,"column":28},"end":{"line":211,"column":92}},"74":{"start":{"line":212,"column":10},"end":{"line":212,"column":48}},"75":{"start":{"line":216,"column":8},"end":{"line":216,"column":45}},"76":{"start":{"line":220,"column":4},"end":{"line":220,"column":31}},"77":{"start":{"line":32,"column":0},"end":{"line":32,"column":13}},"78":{"start":{"line":242,"column":4},"end":{"line":242,"column":21}},"79":{"start":{"line":243,"column":4},"end":{"line":243,"column":35}},"80":{"start":{"line":244,"column":4},"end":{"line":244,"column":35}},"81":{"start":{"line":245,"column":4},"end":{"line":245,"column":32}},"82":{"start":{"line":249,"column":4},"end":{"line":249,"column":21}},"83":{"start":{"line":253,"column":4},"end":{"line":253,"column":28}},"84":{"start":{"line":257,"column":4},"end":{"line":257,"column":28}},"85":{"start":{"line":261,"column":4},"end":{"line":265,"column":6}},"86":{"start":{"line":235,"column":0},"end":{"line":235,"column":13}},"87":{"start":{"line":275,"column":4},"end":{"line":275,"column":70}},"88":{"start":{"line":276,"column":4},"end":{"line":276,"column":77}},"89":{"start":{"line":282,"column":4},"end":{"line":282,"column":11}},"90":{"start":{"line":287,"column":4},"end":{"line":287,"column":16}},"91":{"start":{"line":291,"column":4},"end":{"line":291,"column":30}},"92":{"start":{"line":299,"column":4},"end":{"line":299,"column":27}},"93":{"start":{"line":299,"column":20},"end":{"line":299,"column":27}},"94":{"start":{"line":300,"column":4},"end":{"line":302,"column":7}},"95":{"start":{"line":301,"column":6},"end":{"line":301,"column":75}},"96":{"start":{"line":303,"column":4},"end":{"line":303,"column":19}},"97":{"start":{"line":307,"column":20},"end":{"line":307,"column":54}},"98":{"start":{"line":308,"column":4},"end":{"line":314,"column":6}},"99":{"start":{"line":309,"column":29},"end":{"line":309,"column":42}},"100":{"start":{"line":310,"column":35},"end":{"line":310,"column":50}},"101":{"start":{"line":311,"column":35},"end":{"line":311,"column":45}},"102":{"start":{"line":312,"column":35},"end":{"line":312,"column":45}},"103":{"start":{"line":319,"column":16},"end":{"line":319,"column":42}},"104":{"start":{"line":320,"column":18},"end":{"line":320,"column":60}},"105":{"start":{"line":320,"column":41},"end":{"line":320,"column":59}},"106":{"start":{"line":321,"column":4},"end":{"line":326,"column":6}},"107":{"start":{"line":323,"column":39},"end":{"line":323,"column":45}},"108":{"start":{"line":270,"column":0},"end":{"line":270,"column":13}}},"fnMap":{"0":{"name":"_stdioTransportContext","decl":{"start":{"line":11,"column":9},"end":{"line":11,"column":31}},"loc":{"start":{"line":11,"column":59},"end":{"line":17,"column":1}}},"1":{"name":"_sseTransportContext","decl":{"start":{"line":19,"column":9},"end":{"line":19,"column":29}},"loc":{"start":{"line":19,"column":57},"end":{"line":24,"column":1}}},"2":{"name":"_streamableHttpTransportContext","decl":{"start":{"line":26,"column":9},"end":{"line":26,"column":40}},"loc":{"start":{"line":26,"column":68},"end":{"line":30,"column":1}}},"3":{"name":"(anonymous_3)","decl":{"start":{"line":39,"column":2},"end":{"line":39,"column":14}},"loc":{"start":{"line":39,"column":73},"end":{"line":58,"column":3}}},"4":{"name":"(anonymous_4)","decl":{"start":{"line":60,"column":9},"end":{"line":60,"column":14}},"loc":{"start":{"line":60,"column":42},"end":{"line":110,"column":3}}},"5":{"name":"(anonymous_5)","decl":{"start":{"line":67,"column":26},"end":{"line":67,"column":27}},"loc":{"start":{"line":67,"column":36},"end":{"line":69,"column":5}}},"6":{"name":"(anonymous_6)","decl":{"start":{"line":72,"column":73},"end":{"line":72,"column":74}},"loc":{"start":{"line":72,"column":90},"end":{"line":77,"column":5}}},"7":
[...]
ine":83,"column":51},"end":{"line":83,"column":53}}]},"9":{"loc":{"start":{"line":84,"column":30},"end":{"line":84,"column":72}},"type":"binary-expr","locations":[{"start":{"line":84,"column":30},"end":{"line":84,"column":64}},{"start":{"line":84,"column":68},"end":{"line":84,"column":72}}]},"10":{"loc":{"start":{"line":96,"column":24},"end":{"line":96,"column":94}},"type":"cond-expr","locations":[{"start":{"line":96,"column":53},"end":{"line":96,"column":82}},{"start":{"line":96,"column":85},"end":{"line":96,"column":94}}]},"11":{"loc":{"start":{"line":97,"column":19},"end":{"line":97,"column":79}},"type":"cond-expr","locations":[{"start":{"line":97,"column":43},"end":{"line":97,"column":67}},{"start":{"line":97,"column":70},"end":{"line":97,"column":79}}]},"12":{"loc":{"start":{"line":102,"column":10},"end":{"line":114,"column":11}},"type":"if","locations":[{"start":{"line":102,"column":10},"end":{"line":114,"column":11}},{"start":{"line":112,"column":17},"end":{"line":114,"column":11}}]},"13":{"loc":{"start":{"line":105,"column":34},"end":{"line":105,"column":76}},"type":"binary-expr","locations":[{"start":{"line":105,"column":34},"end":{"line":105,"column":48}},{"start":{"line":105,"column":52},"end":{"line":105,"column":71}},{"start":{"line":105,"column":75},"end":{"line":105,"column":76}}]},"14":{"loc":{"start":{"line":106,"column":29},"end":{"line":106,"column":67}},"type":"binary-expr","locations":[{"start":{"line":106,"column":29},"end":{"line":106,"column":41}},{"start":{"line":106,"column":45},"end":{"line":106,"column":62}},{"start":{"line":106,"column":66},"end":{"line":106,"column":67}}]},"15":{"loc":{"start":{"line":108,"column":12},"end":{"line":110,"column":13}},"type":"if","locations":[{"start":{"line":108,"column":12},"end":{"line":110,"column":13}}]},"16":{"loc":{"start":{"line":125,"column":6},"end":{"line":129,"column":7}},"type":"if","locations":[{"start":{"line":125,"column":6},"end":{"line":129,"column":7}},{"start":{"line":127,"column":13},"end":{"line":129,"column":7}}]}},"s":{"0":1,"1":1,"2":1,"3":4,"4":4,"5":4,"6":4,"7":4,"8":4,"9":4,"10":4,"11":4,"12":4,"13":4,"14":4,"15":12,"16":28,"17":28,"18":0,"19":0,"20":28,"21":260,"22":28,"23":28,"24":28,"25":8,"26":8,"27":8,"28":8,"29":0,"30":8,"31":20,"32":0,"33":0,"34":4,"35":4,"36":20,"37":20,"38":0,"39":4,"40":0,"41":0,"42":0,"43":1},"f":{"0":4,"1":4,"2":4,"3":260,"4":0,"5":0},"b":{"0":[0],"1":[0],"2":[0],"3":[4],"4":[0],"5":[28,28],"6":[28,0],"7":[28,0],"8":[28,0],"9":[28,28],"10":[28,0],"11":[28,0],"12":[8,20],"13":[8,0,0],"14":[8,0,0],"15":[0],"16":[20,0]}}
,"/Users/mac/Desktop/code-open/nacos-mcp-router/src/typescript/src/services/search/rerank/processors.ts": {"path":"/Users/mac/Desktop/code-open/nacos-mcp-router/src/typescript/src/services/search/rerank/processors.ts","statementMap":{"0":{"start":{"line":1,"column":0},"end":{"line":1,"column":41}},"1":{"start":{"line":2,"column":0},"end":{"line":2,"column":113}},"2":{"start":{"line":3,"column":0},"end":{"line":3,"column":87}},"3":{"start":{"line":8,"column":2},"end":{"line":8,"column":93}},"4":{"start":{"line":13,"column":2},"end":{"line":15,"column":3}},"5":{"start":{"line":14,"column":4},"end":{"line":14,"column":18}},"6":{"start":{"line":16,"column":2},"end":{"line":16,"column":60}},"7":{"start":{"line":24,"column":4},"end":{"line":24,"column":12}},"8":{"start":{"line":23,"column":22},"end":{"line":23,"column":60}},"9":{"start":{"line":31,"column":19},"end":{"line":45,"column":6}},"10":{"start":{"line":32,"column":21},"end":{"line":32,"column":49}},"11":{"start":{"line":35,"column":6},"end":{"line":35,"column":73}},"12":{"start":{"line":35,"column":59},"end":{"line":35,"column":73}},"13":{"start":{"line":38,"column":23},"end":{"line":38,"column":78}},"14":{"start":{"line":39,"column":25},"end":{"line":39,"column":47}},"15":{"start":{"line":42,"column":20},"end":{"line":42,"column":60}},"16":{"start":{"line":44,"column":6},"end":{"line":44,"column":53}},"17":{"start":{"line":47,"column":4},"end":{"line":47,"column":38}},"18":{"start":{"line":22,"column":0},"end":{"line":22,"column":13}},"19":{"start":{"line":56,"column":4},"end":{"line":58,"column":5}},"20":{"start":{"line":57,"column":6},"end":{"line":57,"column":41}},"21":{"start":{"line":60,"column":21},"end":{"line":61,"column":null}},"22":{"start":{"line":61,"column":16},"end":{"line":61,"column":66}},"23":{"start":{"line":64,"column":4},"end":{"line":68,"column":5}},"24":{"start":{"line":65,"column":6},"end":{"line":67,"column":8}},"25":{"start":{"line":70,"column":4},"end":{"line":70,"column":40}},"26":{"start":{"line":54,"column":0},"end":{"line":54,"column":13}},"27":{"start":{"line":79,"column":19},"end":{"line":83,"column":6}},"28":{"start":{"line":80,"column":21},"end":{"line":80,"column":49}},"29":{"start":{"line":81,"column":21},"end":{"line":81,"column":49}},"30":{"start":{"line":82,"column":6},"end":{"line":82,"column":29}},"31":{"start":{"line":85,"column":4},"end":{"line":85,"column":33}},"32":{"start":{"line":77,"column":0},"end":{"line":77,"column":13}},"33":{"start":{"line":94,"column":4},"end":{"line":96,"column":5}},"34":{"start":{"line":95,"column":6},"end":{"line":95,"column":41}},"35":{"start":{"line":98,"column":20},"end":{"line":98,"column":77}},"36":{"start":{"line":100,"column":4},"end":{"line":102,"column":5}},"37":{"start":{"line":101,"column":6},"end":{"line":101,"column":81}},"38":{"start":{"line":104,"column":4},"end":{"line":104,"column":19}},"39":{"start":{"line":92,"column":0},"end":{"line":92,"column":13}},"40":{"start":{"line":114,"column":4},"end":{"line":114,"column":12}},"41":{"start":{"line":113,"column":22},"end":{"line":113,"column":41}},"42":{"start":{"line":118,"column":4},"end":{"line":120,"column":5}},"43":{"start":{"line":119,"column":6},"end":{"line":119,"column":41}},"44":{"start":{"line":123,"column":28},"end":{"line":123,"column":61}},"45":{"start":{"line":127,"column":4},"end":{"line":127,"column":83}},"46":{"start":{"line":129,"column":4},"end":{"line":129,"column":47}},"47":{"start":{"line":112,"column":0},"end":{"line":112,"column":13}},"48":{"start":{"line":138,"column":29},"end":{"line":138,"column":78}},"49":{"start":{"line":139,"column":24},"end":{"line":139,"column":50}},"50":{"start":{"line":140,"column":22},"end":{"line":140,"column":46}},"51":{"start":{"line":141,"column":18},"end":{"line":141,"column":38}},"52":{"start":{"line":142,"column":31},"end":{"line":142,"column":69}},"53":{"start":{"line":145,"column":4},"end":{"line":149,"column":22}},"54":{"start":{"line":151,"column":4},"end":{"line":151,"column":28}},"55":{"start":{"line":136,"column":0},"end":{"line":136,"column":13}}},"fnMap":{"0":{"name":"isEnhancedServer","decl":{"start":{"line":7,"column":9},"end":{"line":7,"column":25}},"loc":{"start":{"line":7,"column":37},"end":{"line":9,"column":1}}},"1":{"name":"ensureEnhancedServer","decl":{"start":{"line":12,"column":9},"end":{"line":12,"column":29}},"loc":{"start":{"line":12,"column":41},"end":{"line":17,"column":1}}},"2":{"name":"(anonymous_2)","decl":{"start":{"line":23,"column":2},"end":{"line":23,"column":22}},"loc":{"start":{"line":23,"column":60},"end":{"line":25,"column":3}}},"3":{"name":"(anonymous_3)","decl":{"start":{"line":27,"column":2},"end":{"line":27,"column":9}},"loc":{"start":{"line":29,"column":26},"end":{"line":48,"column":3}}},"4":{"name":"(anonymous_4)","decl":{"start":{"line":31,"column":31},"end":{"line":31,"column":37}},"loc":{"start":{"line":31,"column":40},"end":{"line":45,"column":5}}},"5":{"name":"(anonymous_5)","decl":{"start":{"line":55,"column":2},"end":{"line":55,"column":9}},"loc":{"start":{"line":55,"column":59},"end":{"line":71,"column":3}}},"6":{"name":"(anonymous_6)","decl":{"start":{"line":61,"column":6},"end":{"line":61,"column":12}},"loc":{"start":{"line":61,"column":16},"end":{"line":61,"column":66}}},"7":{"name":"(anonymous_7)","decl":{"start":{"line":78,"column":2},"end":{"line":78,"column":9}},"loc":{"start":{"line":78,"column":35},"end":{"line":86,"column":3}}},"8":{"name":"(anonymous_8)","decl":{"start":{"line":79,"column":63},"end":{"line":79,"column":64}},"loc":{"start":{"line":79,"column":72},"end":{"line":83,"column":5}}},"9":{"name":"(anonymous_9)","decl":{"start":{"line":93,"column":2},"end":{"line":93,"column":9}},"loc":{"start":{"line":93,"column":59},"end":{"line":105,"column":3}}},"10":{"name":"(anonymous_10)","decl":{"start":{"line":113,"column":2},"end":{"line":113,"column":22}},"loc":{"start":{"line":113,"column":46},"end":{"line":115,"column":3}}},"11":{"name":"(anonymous_11)","decl":{"start":{"line":117,"column":2},"end":{"line":117,"column":9}},"loc":{"start":{"line":117,"column":59},"end":{"line":130,"column":3}}},"12":{"name":"(anonymous_12)","decl":{"start":{"line":137,"column":2},"end":{"line":137,"column":8}},"loc":{"start":{"line":137,"column":59},"end":{"line":152,"column":3}}}},"branchMap":{"0":{"loc":{"start":{"line":8,"column":9},"end":{"line":8,"column":92}},"type":"binary-expr","locations":[{"start":{"line":8,"column":9},"end":{"line":8,"column":15}},{"start":{"line":8,"column":19},"end":{"line":8,"column":45}},{"start":{"line":8,"column":49},"end":{"line":8,"column":65}},{"start":{"line":8,"column":69},"end":{"line":8,"column":92}}]},"1":{"loc":{"start":{"line":13,"column":2},"end":{"line":15,"column":3}},"type":"if","locations":[{"start":{"line":13,"column":2},"end":{"line":15,"column":3}}]},"2":{"loc":{"start":{"line":35,"column":6},"end":{"line":35,"column":73}},"type":"if","locations":[{"start":{"line":35,"column":6},"end":{"line":35,"column":73}}]},"3":{"loc":{"start":{"line":35,"column":10},"end":{"line":35,"column":57}},"type":"binary-expr","locations":[{"start":{"line":35,"column":10},"end":{"line":35,"column":27}},{"start":{"line":35,"column":31},"end":{"line":35,"column":57}}]},"4":{"loc":{"start":{"line":38,"column":23},"end":{"line":38,"column":78}},"type":"binary-expr","locations":[{"start":{"line":38,"column":23},"end":{"line":38,"column":73}},{"start":{"line":38,"column":77},"end":{"line":38,"column":78}}]},"5":{"loc":{"start":{"line":38,"column":47},"end":{"line":38,"column":72}},"type":"binary-expr","locations":[{"start":{"line":38,"column":47},"end":{"line":38,"column":66}},{"start":{"line":38,"column":70},"end":{"line":38,"column":72}}]},"6":{"loc":{"start":{"line":39,"column":25},"end":{"line":39,"column":47}},"type":"binary-expr","locations":[{"start":{"line":39,"column":25},"end":{"line":39,"column":42}},{"start":{"line":39,"column":46},"end":{"line":39,"column":47}}]},"7":{"loc":{"start":{"line":56,"column":4},"end":{"line":58,"column":5}},"type":"if","locations":[{"start":{"line":56,"column":4},"end":{"line":58,"column":5}}]},"8":{"loc":{"start":{"line":61,"column":17},"end":{"line":61,"column":39}},"type":"binary-expr","locations":[{"start":{"line":61,"column":17},"end":{"line":61,"column":34}},{"start":{"line":61,"column":38},"end":{"line":61,"column":39}}]},"9":{"loc":{"start":{"line":64,"column":4},"end":{"line":68,"column":5}},"type":"if","locations":[{"start":{"line":64,"column":4},"end":{"line":68,"column":5}}]},"10":{"loc":{"start":{"line":80,"column":21},"end":{"line":80,"column":49}},"type":"binary-expr","locations":[{"start":{"line":80,"column":21},"end":{"line":80,"column":28}},{"start":{"line":80,"column":32},"end":{"line":80,"column":44}},{"start":{"line":80,"column":48},"end":{"line":80,"column":49}}]},"11":{"loc":{"start":{"line":81,"column":21},"end":{"line":81,"column":49}},"type":"binary-expr","locations":[{"start":{"line":81,"column":21},"end":{"line":81,"column":28}},{"start":{"line":81,"column":32},"end":{"line":81,"column":44}},{"start":{"line":81,"column":48},"end":{"line":81,"column":49}}]},"12":{"loc":{"start":{"line":94,"column":4},"end":{"line":96,"column":5}},"type":"if","locations":[{"start":{"line":94,"column":4},"end":{"line":96,"column":5}}]},"13":{"loc":{"start":{"line":94,"column":8},"end":{"line":94,"column":57}},"type":"binary-expr","locations":[{"start":{"line":94,"column":8},"end":{"line":94,"column":35}},{"start":{"line":94,"column":39},"end":{"line":94,"column":57}}]},"14":{"loc":{"start":{"line":100,"column":4},"end":{"line":102,"column":5}},"type":"if","locations":[{"start":{"line":100,"column":4},"end":{"line":102,"column":5}}]},"15":{"loc":{"start":{"line":113,"column":22},"end":{"line":113,"column":46}},"type":"default-arg","locations":[{"start":{"line":113,"column":41},"end":{"line":113,"column":46}}]},"16":{"loc":{"start":{"line":118,"column":4},"end":{"line":120,"column":5}},"type":"if","locations":[{"start":{"line":118,"column":4},"end":{"line":120,"column":5}}]},"17":{"loc":{"start":{"line":118,"column":8},"end":{"line":118,"column":58}},"type":"binary-expr","locations":[{"start":{"line":118,"column":8},"end":{"line":118,"column":21}},{"start":{"line":118,"column":25},"end":{"line":118,"column":58}}]}},"s":{"0":1,"1":1,"2":1,"3":51,"4":51,"5":51,"6":0,"7":4,"8":4,"9":4,"10":20,"11":20,"12":20,"13":0,"14":0,"15":0,"16":0,"17":4,"18":1,"19":4,"20":0,"21":4,"22":20,"23":4,"24":3,"25":4,"26":1,"27":4,"28":7,"29":7,"30":7,"31":4,"32":1,"33":4,"34":4,"35":0,"36":0,"37":0,"38":0,"39":1,"40":4,"41":4,"42":4,"43":4,"44":0,"45":0,"46":0,"47":1,"48":4,"49":4,"50":4,"51":4,"52":4,"53":4,"54":4,"55":1},"f":{"0":51,"1":51,"2":4,"3":4,"4":20,"5":4,"6":20,"7":4,"8":7,"9":4,"10":4,"11":4,"12":4},"b":{"0":[51,51,51,51],"1":[51],"2":[20],"3":[20,20],"4":[0,0],"5":[0,0],"6":[0,0],"7":[0],"8":[20,0],"9":[3],"10":[7,0,0],"11":[7,0,0],"12":[4],"13":[4,0],"14":[0],"15":[0],"16":[4],"17":[4,4]}}
,"/Users/mac/Desktop/code-open/nacos-mcp-router/src/typescript/src/types/nacos_mcp_server.ts": {"path":"/Users/mac/Desktop/code-open/nacos-mcp-router/src/typescript/src/types/nacos_mcp_server.ts","statementMap":{"0":{"start":{"line":31,"column":0},"end":{"line":31,"column":16}},"1":{"start":{"line":49,"column":0},"end":{"line":49,"column":16}},"2":{"start":{"line":1,"column":0},"end":{"line":1,"column":71}},"3":{"start":{"line":32,"column":2},"end":{"line":42,"column":4}},"4":{"start":{"line":58,"column":17},"end":{"line":61,"column":null}},"5":{"start":{"line":65,"column":2},"end":{"line":67,"column":3}},"6":{"start":{"line":66,"column":5},"end":{"line":66,"column":59}},"7":{"start":{"line":70,"column":2},"end":{"line":72,"column":3}},"8":{"start":{"line":71,"column":4},"end":{"line":71,"column":47}},"9":{"start":{"line":73,"column":2},"end":{"line":75,"column":3}},"10":{"start":{"line":74,"column":4},"end":{"line":74,"column":43}},"11":{"start":{"line":76,"column":2},"end":{"line":78,"column":3}},"12":{"start":{"line":77,"column":4},"end":{"line":77,"column":33}},"13":{"start":{"line":81,"column":21},"end":{"line":86,"column":8}},"14":{"start":{"line":82,"column":4},"end":{"line":84,"column":5}},"15":{"start":{"line":83,"column":6},"end":{"line":83,"column":23}},"16":{"start":{"line":85,"column":4},"end":{"line":85,"column":15}},"17":{"start":{"line":88,"column":2},"end":{"line":88,"column":36}},"18":{"start":{"line":90,"column":2},"end":{"line":90,"column":16}}},"fnMap":{"0":{"name":"isNacosMcpServer","decl":{"start":{"line":31,"column":16},"end":{"line":31,"column":32}},"loc":{"start":{"line":31,"column":41},"end":{"line":43,"column":1}}},"1":{"name":"createNacosMcpServer","decl":{"start":{"line":49,"column":16},"end":{"line":49,"column":36}},"loc":{"start":{"line":55,"column":8},"end":{"line":91,"column":1}}},"2":{"name":"(anonymous_2)","decl":{"start":{"line":81,"column":70},"end":{"line":81,"column":71}},"loc":{"start":{"line":81,"column":92},"end":{"line":86,"column":3}}}},"branchMap":{"0":{"loc":{"start":{"line":33,"column":4},"end":{"line":41,"column":36}},"type":"binary-expr","locations":[{"start":{"line":33,"column":4},"end":{"line":33,"column":7}},{"start":{"line":34,"column":4},"end":{"line":34,"column":27}},{"start":{"line":35,"column":4},"end":{"line":35,"column":17}},{"start":{"line":36,"column":4},"end":{"line":36,"column":24}},{"start":{"line":37,"column":4},"end":{"line":37,"column":24}},{"start":{"line":38,"column":4},"end":{"line":38,"column":37}},{"start":{"line":39,"column":4},"end":{"line":39,"column":44}},{"start":{"line":40,"column":4},"end":{"line":40,"column":44}},{"start":{"line":41,"column":4},"end":{"line":41,"column":36}}]},"1":{"loc":{"start":{"line":51,"column":2},"end":{"line":55,"column":8}},"type":"default-arg","locations":[{"start":{"line":55,"column":6},"end":{"line":55,"column":8}}]},"2":{"loc":{"start":{"line":60,"column":4},"end":{"line":60,"column":26}},"type":"binary-expr","locations":[{"start":{"line":60,"column":4},"end":{"line":60,"column":20}},{"start":{"line":60,"column":24},"end":{"line":60,"column":26}}]},"3":{"loc":{"start":{"line":61,"column":4},"end":{"line":61,"column":26}},"type":"binary-expr","locations":[{"start":{"line":61,"column":4},"end":{"line":61,"column":20}},{"start":{"line":61,"column":24},"end":{"line":61,"column":26}}]},"4":{"loc":{"start":{"line":65,"column":2},"end":{"line":67,"column":3}},"type":"if","locations":[{"start":{"line":65,"column":2},"end":{"line":67,"column":3}}]},"5":{"loc":{"start":{"line":70,"column":2},"end":{"line":72,"column":3}},"type":"if","locations":[{"start":{"line":70,"column":2},"end":{"line":72,"column":3}}]},"6":{"loc":{"start":{"line":73,"column":2},"end":{"line":75,"column":3}},"type":"if","locations":[{"start":{"line":73,"column":2},"end":{"line":75,"column":3}}]},"7":{"loc":{"start":{"line":76,"column":2},"end":{"line":78,"column":3}},"type":"if","locations":[{"start":{"line":76,"column":2},"end":{"line":78,"column":3}}]},"8":{"loc":{"start":{"line":82,"column":4},"end":{"line":84,"column":5}},"type":"if","locations":[{"start":{"line":82,"column":4},"end":{"line":84,"column":5}}]}},"s":{"0":1,"1":1,"2":1,"3":20,"4":40,"5":40,"6":40,"7":40,"8":40,"9":40,"10":40,"11":40,"12":40,"13":40,"14":344,"15":184,"16":344,"17":40,"18":40},"f":{"0":20,"1":40,"2":344},"b":{"0":[20,20,20,20,20,20,20,20,20],"1":[0],"2":[40,0],"3":[40,0],"4":[40],"5":[40],"6":[40],"7":[40],"8":[184]}}
,"/Users/mac/Desktop/code-open/nacos-mcp-router/src/typescript/src/types/rerank.ts": {"path":"/Users/mac/Desktop/code-open/nacos-mcp-router/src/typescript/src/types/rerank.ts","statementMap":{"0":{"start":{"line":57,"column":12},"end":{"line":57,"column":58}},"1":{"start":{"line":60,"column":4},"end":{"line":60,"column":30}},"2":{"start":{"line":61,"column":4},"end":{"line":61,"column":16}},"3":{"start":{"line":68,"column":4},"end":{"line":70,"column":5}},"4":{"start":{"line":69,"column":6},"end":{"line":69,"column":58}},"5":{"start":{"line":71,"column":4},"end":{"line":71,"column":19}},"6":{"start":{"line":81,"column":4},"end":{"line":83,"column":5}},"7":{"start":{"line":82,"column":6},"end":{"line":82,"column":58}},"8":{"start":{"line":84,"column":4},"end":{"line":84,"column":19}},"9":{"start":{"line":56,"column":0},"end":{"line":56,"column":22}}},"fnMap":{"0":{"name":"(anonymous_0)","decl":{"start":{"line":56,"column":0},"end":{"line":56,"column":22}},"loc":{"start":{"line":56,"column":0},"end":{"line":86,"column":1}}},"1":{"name":"(anonymous_1)","decl":{"start":{"line":59,"column":2},"end":{"line":59,"column":9}},"loc":{"start":{"line":59,"column":32},"end":{"line":62,"column":3}}},"2":{"name":"(anonymous_2)","decl":{"start":{"line":64,"column":2},"end":{"line":64,"column":9}},"loc":{"start":{"line":66,"column":26},"end":{"line":72,"column":3}}},"3":{"name":"(anonymous_3)","decl":{"start":{"line":77,"column":12},"end":{"line":77,"column":16}},"loc":{"start":{"line":79,"column":26},"end":{"line":85,"column":3}}}},"branchMap":{"0":{"loc":{"start":{"line":68,"column":4},"end":{"line":70,"column":5}},"type":"if","locations":[{"start":{"line":68,"column":4},"end":{"line":70,"column":5}}]},"1":{"loc":{"start":{"line":81,"column":4},"end":{"line":83,"column":5}},"type":"if","locations":[{"start":{"line":81,"column":4},"end":{"line":83,"column":5}}]}},"s":{"0":20,"1":16,"2":16,"3":0,"4":0,"5":0,"6":20,"7":16,"8":4,"9":1},"f":{"0":20,"1":16,"2":0,"3":20},"b":{"0":[0],"1":[16]}}
}
