TN:
SF:src/logger.ts
FN:10,(anonymous_1)
FN:28,(anonymous_2)
FN:49,(anonymous_3)
FN:56,(anonymous_4)
FN:60,(anonymous_5)
FN:64,(anonymous_6)
FN:68,(anonymous_7)
FNF:7
FNH:3
FNDA:1,(anonymous_1)
FNDA:63,(anonymous_2)
FNDA:1,(anonymous_3)
FNDA:0,(anonymous_4)
FNDA:0,(anonymous_5)
FNDA:0,(anonymous_6)
FNDA:0,(anonymous_7)
DA:1,1
DA:2,1
DA:3,1
DA:4,1
DA:5,1
DA:7,1
DA:8,1
DA:11,1
DA:12,1
DA:14,1
DA:16,1
DA:17,1
DA:24,1
DA:29,63
DA:33,1
DA:50,1
DA:51,1
DA:53,1
DA:57,0
DA:61,0
DA:65,0
DA:69,0
DA:74,1
LF:23
LH:19
BRDA:16,0,0,1
BRDA:50,1,0,1
BRDA:53,2,0,1
BRDA:53,2,1,0
BRF:4
BRH:3
end_of_record
TN:
SF:src/mcp_manager.ts
FN:15,(anonymous_0)
FN:27,(anonymous_1)
FN:78,(anonymous_2)
FN:82,(anonymous_3)
FN:92,(anonymous_4)
FN:115,(anonymous_5)
FN:138,(anonymous_6)
FN:142,(anonymous_7)
FN:160,(anonymous_8)
FNF:9
FNH:0
FNDA:0,(anonymous_0)
FNDA:0,(anonymous_1)
FNDA:0,(anonymous_2)
FNDA:0,(anonymous_3)
FNDA:0,(anonymous_4)
FNDA:0,(anonymous_5)
FNDA:0,(anonymous_6)
FNDA:0,(anonymous_7)
FNDA:0,(anonymous_8)
DA:1,1
DA:3,1
DA:4,1
DA:5,1
DA:7,1
DA:11,0
DA:12,0
DA:13,0
DA:20,0
DA:21,0
DA:22,0
DA:23,0
DA:24,0
DA:28,0
DA:29,0
DA:30,0
DA:32,0
DA:33,0
DA:36,0
DA:37,0
DA:38,0
DA:40,0
DA:41,0
DA:42,0
DA:43,0
DA:46,0
DA:47,0
DA:49,0
DA:50,0
DA:54,0
DA:55,0
DA:56,0
DA:60,0
DA:61,0
DA:62,0
DA:64,0
DA:66,0
DA:67,0
DA:73,0
DA:74,0
DA:79,0
DA:80,0
DA:81,0
DA:82,0
DA:83,0
DA:84,0
DA:86,0
DA:87,0
DA:93,0
DA:94,0
DA:98,0
DA:99,0
DA:100,0
DA:102,0
DA:103,0
DA:104,0
DA:105,0
DA:108,0
DA:110,0
DA:111,0
DA:116,0
DA:117,0
DA:119,0
DA:120,0
DA:121,0
DA:122,0
DA:125,0
DA:126,0
DA:128,0
DA:130,0
DA:134,0
DA:135,0
DA:139,0
DA:143,0
DA:144,0
DA:145,0
DA:148,0
DA:149,0
DA:152,0
DA:153,0
DA:155,0
DA:156,0
DA:161,0
DA:162,0
DA:163,0
DA:165,0
DA:166,0
DA:169,0
DA:170,0
DA:171,0
DA:172,0
DA:173,0
DA:174,0
DA:179,0
DA:180,0
DA:181,0
DA:182,0
DA:184,0
DA:185,0
DA:188,0
DA:189,0
DA:190,0
DA:191,0
DA:192,0
DA:193,0
DA:196,0
DA:197,0
DA:198,0
DA:202,0
DA:204,0
DA:206,0
DA:207,0
DA:211,0
DA:212,0
DA:213,0
DA:216,0
DA:217,0
DA:218,0
DA:219,0
DA:220,0
DA:222,0
DA:227,0
DA:230,0
DA:232,0
LF:124
LH:5
BRDA:32,0,0,0
BRDA:42,1,0,0
BRDA:50,2,0,0
BRDA:51,3,0,0
BRDA:51,3,1,0
BRDA:66,4,0,0
BRDA:104,5,0,0
BRDA:121,6,0,0
BRDA:125,7,0,0
BRDA:128,8,0,0
BRDA:144,9,0,0
BRDA:148,10,0,0
BRDA:148,10,1,0
BRDA:162,11,0,0
BRDA:165,12,0,0
BRDA:165,13,0,0
BRDA:165,13,1,0
BRDA:165,13,2,0
BRDA:171,14,0,0
BRDA:173,15,0,0
BRDA:179,16,0,0
BRDA:180,17,0,0
BRDA:180,17,1,0
BRDA:181,18,0,0
BRDA:184,19,0,0
BRDA:184,20,0,0
BRDA:184,20,1,0
BRDA:191,21,0,0
BRDA:197,22,0,0
BRDA:202,23,0,0
BRDA:202,23,1,0
BRDA:206,24,0,0
BRDA:212,25,0,0
BRDA:219,26,0,0
BRF:34
BRH:0
end_of_record
TN:
SF:src/md5.ts
FN:3,md5
FNF:1
FNH:0
FNDA:0,md5
DA:1,1
DA:3,1
DA:4,0
LF:3
LH:2
BRF:0
BRH:0
end_of_record
TN:
SF:src/memory_vector.ts
FN:11,getPipeline
FN:13,(anonymous_11)
FN:29,(anonymous_12)
FN:68,(anonymous_13)
FN:77,(anonymous_14)
FN:86,(anonymous_15)
FN:91,(anonymous_16)
FN:99,(anonymous_17)
FN:114,(anonymous_18)
FN:124,(anonymous_19)
FNF:10
FNH:0
FNDA:0,getPipeline
FNDA:0,(anonymous_11)
FNDA:0,(anonymous_12)
FNDA:0,(anonymous_13)
FNDA:0,(anonymous_14)
FNDA:0,(anonymous_15)
FNDA:0,(anonymous_16)
FNDA:0,(anonymous_17)
FNDA:0,(anonymous_18)
FNDA:0,(anonymous_19)
DA:1,1
DA:3,1
DA:4,1
DA:5,1
DA:6,1
DA:12,0
DA:13,0
DA:15,0
DA:18,1
DA:20,0
DA:21,0
DA:38,0
DA:39,0
DA:40,0
DA:41,0
DA:42,0
DA:43,0
DA:45,0
DA:46,0
DA:47,0
DA:48,0
DA:50,0
DA:51,0
DA:52,0
DA:56,0
DA:58,0
DA:59,0
DA:60,0
DA:61,0
DA:63,0
DA:64,0
DA:69,0
DA:70,0
DA:71,0
DA:73,0
DA:74,0
DA:78,0
DA:79,0
DA:80,0
DA:81,0
DA:82,0
DA:83,0
DA:87,0
DA:88,0
DA:89,0
DA:90,0
DA:91,0
DA:101,0
DA:102,0
DA:103,0
DA:104,0
DA:106,0
DA:107,0
DA:109,0
DA:110,0
DA:111,0
DA:115,0
DA:116,0
DA:117,0
DA:118,0
DA:120,0
DA:125,0
LF:62
LH:6
BRDA:12,0,0,0
BRDA:39,1,0,0
BRDA:39,1,1,0
BRDA:40,2,0,0
BRDA:40,2,1,0
BRDA:41,3,0,0
BRDA:41,3,1,0
BRDA:42,4,0,0
BRDA:42,4,1,0
BRDA:43,5,0,0
BRDA:43,5,1,0
BRDA:45,6,0,0
BRDA:46,7,0,0
BRDA:50,8,0,0
BRDA:58,9,0,0
BRDA:58,9,1,0
BRDA:58,10,0,0
BRDA:58,10,1,0
BRDA:69,11,0,0
BRDA:77,12,0,0
BRDA:86,13,0,0
BRDA:103,14,0,0
BRDA:106,15,0,0
BRDA:115,16,0,0
BRDA:115,16,1,0
BRDA:115,17,0,0
BRDA:115,17,1,0
BRF:27
BRH:0
end_of_record
TN:
SF:src/nacos_http_client.ts
FN:13,(anonymous_1)
FN:39,(anonymous_2)
FN:40,(anonymous_3)
FN:41,(anonymous_4)
FN:51,(anonymous_5)
FN:94,(anonymous_6)
FN:124,(anonymous_7)
FN:131,(anonymous_8)
FNF:8
FNH:1
FNDA:4,(anonymous_1)
FNDA:0,(anonymous_2)
FNDA:0,(anonymous_3)
FNDA:0,(anonymous_4)
FNDA:0,(anonymous_5)
FNDA:0,(anonymous_6)
FNDA:0,(anonymous_7)
FNDA:0,(anonymous_8)
DA:1,1
DA:2,1
DA:3,1
DA:4,1
DA:5,1
DA:7,1
DA:14,4
DA:15,0
DA:17,4
DA:18,0
DA:20,4
DA:21,0
DA:24,4
DA:25,4
DA:26,4
DA:28,4
DA:40,0
DA:41,0
DA:42,0
DA:43,0
DA:45,0
DA:52,0
DA:53,0
DA:55,0
DA:56,0
DA:57,0
DA:58,0
DA:59,0
DA:60,0
DA:65,0
DA:67,0
DA:68,0
DA:69,0
DA:70,0
DA:72,0
DA:73,0
DA:76,0
DA:77,0
DA:80,0
DA:86,0
DA:89,0
DA:91,0
DA:95,0
DA:96,0
DA:97,0
DA:98,0
DA:99,0
DA:101,0
DA:102,0
DA:103,0
DA:104,0
DA:107,0
DA:108,0
DA:109,0
DA:110,0
DA:112,0
DA:113,0
DA:118,0
DA:119,0
DA:121,0
DA:125,0
DA:126,0
DA:127,0
DA:129,0
DA:130,0
DA:131,0
DA:137,0
DA:138,0
DA:139,0
DA:140,0
DA:143,0
DA:144,0
DA:147,0
DA:148,0
DA:152,0
DA:153,0
DA:154,0
DA:156,0
DA:157,0
DA:158,0
DA:160,0
DA:162,0
DA:169,0
DA:170,0
DA:172,0
DA:173,0
DA:176,0
DA:177,0
DA:180,0
DA:181,0
LF:90
LH:13
BRDA:14,0,0,0
BRDA:17,1,0,0
BRDA:20,2,0,0
BRDA:42,3,0,0
BRDA:42,3,1,0
BRDA:57,4,0,0
BRDA:62,5,0,0
BRDA:62,5,1,0
BRDA:67,6,0,0
BRDA:67,7,0,0
BRDA:67,7,1,0
BRDA:69,8,0,0
BRDA:69,8,1,0
BRDA:72,9,0,0
BRDA:76,10,0,0
BRDA:102,11,0,0
BRDA:108,12,0,0
BRDA:112,13,0,0
BRDA:129,14,0,0
BRDA:129,14,1,0
BRDA:138,15,0,0
BRDA:143,16,0,0
BRDA:169,17,0,0
BRDA:169,17,1,0
BRF:24
BRH:0
end_of_record
TN:
SF:src/nacos_mcp_server_config.ts
FN:12,(anonymous_0)
FN:17,(anonymous_1)
FN:34,(anonymous_2)
FN:39,(anonymous_3)
FN:62,(anonymous_4)
FN:68,(anonymous_5)
FN:88,(anonymous_6)
FN:94,(anonymous_7)
FN:112,(anonymous_8)
FN:117,(anonymous_9)
FN:119,(anonymous_10)
FN:121,(anonymous_11)
FN:138,(anonymous_12)
FN:144,(anonymous_13)
FN:167,(anonymous_14)
FN:173,(anonymous_15)
FN:194,(anonymous_16)
FN:199,(anonymous_17)
FN:233,(anonymous_18)
FN:257,(anonymous_19)
FN:271,(anonymous_20)
FN:280,(anonymous_21)
FN:284,(anonymous_22)
FNF:23
FNH:0
FNDA:0,(anonymous_0)
FNDA:0,(anonymous_1)
FNDA:0,(anonymous_2)
FNDA:0,(anonymous_3)
FNDA:0,(anonymous_4)
FNDA:0,(anonymous_5)
FNDA:0,(anonymous_6)
FNDA:0,(anonymous_7)
FNDA:0,(anonymous_8)
FNDA:0,(anonymous_9)
FNDA:0,(anonymous_10)
FNDA:0,(anonymous_11)
FNDA:0,(anonymous_12)
FNDA:0,(anonymous_13)
FNDA:0,(anonymous_14)
FNDA:0,(anonymous_15)
FNDA:0,(anonymous_16)
FNDA:0,(anonymous_17)
FNDA:0,(anonymous_18)
FNDA:0,(anonymous_19)
FNDA:0,(anonymous_20)
FNDA:0,(anonymous_21)
FNDA:0,(anonymous_22)
DA:1,1
DA:8,1
DA:13,0
DA:14,0
DA:18,0
DA:19,0
DA:21,0
DA:30,1
DA:35,0
DA:36,0
DA:40,0
DA:41,0
DA:43,0
DA:44,0
DA:45,0
DA:47,0
DA:57,1
DA:63,0
DA:64,0
DA:65,0
DA:69,0
DA:83,1
DA:89,0
DA:90,0
DA:91,0
DA:95,0
DA:108,1
DA:113,0
DA:114,0
DA:118,0
DA:119,0
DA:121,0
DA:133,1
DA:139,0
DA:140,0
DA:141,0
DA:145,0
DA:146,0
DA:148,0
DA:162,1
DA:168,0
DA:169,0
DA:170,0
DA:174,0
DA:175,0
DA:177,0
DA:190,1
DA:195,0
DA:196,0
DA:200,0
DA:201,0
DA:203,0
DA:221,1
DA:245,0
DA:246,0
DA:247,0
DA:248,0
DA:249,0
DA:250,0
DA:251,0
DA:252,0
DA:253,0
DA:254,0
DA:258,0
DA:259,0
DA:261,0
DA:262,0
DA:271,0
DA:275,0
DA:276,0
DA:281,0
DA:285,0
DA:286,0
DA:287,0
DA:288,0
DA:291,0
LF:76
LH:10
BRDA:18,0,0,0
BRDA:18,1,0,0
BRDA:18,1,1,0
BRDA:40,2,0,0
BRDA:40,3,0,0
BRDA:40,3,1,0
BRDA:96,4,0,0
BRDA:96,4,1,0
BRDA:97,5,0,0
BRDA:97,5,1,0
BRDA:98,6,0,0
BRDA:98,6,1,0
BRDA:119,7,0,0
BRDA:119,7,1,0
BRDA:121,8,0,0
BRDA:121,8,1,0
BRDA:145,9,0,0
BRDA:145,10,0,0
BRDA:145,10,1,0
BRDA:174,11,0,0
BRDA:174,12,0,0
BRDA:174,12,1,0
BRDA:180,13,0,0
BRDA:180,13,1,0
BRDA:200,14,0,0
BRDA:200,15,0,0
BRDA:200,15,1,0
BRDA:268,16,0,0
BRDA:268,16,1,0
BRDA:269,17,0,0
BRDA:269,17,1,0
BRDA:270,18,0,0
BRDA:270,18,1,0
BRDA:271,19,0,0
BRDA:271,19,1,0
BRDA:272,20,0,0
BRDA:272,20,1,0
BRDA:285,21,0,0
BRDA:285,21,1,0
BRDA:287,22,0,0
BRF:40
BRH:0
end_of_record
TN:
SF:src/router.ts
FN:43,(anonymous_9)
FN:48,(anonymous_10)
FN:59,(anonymous_11)
FN:99,(anonymous_12)
FN:124,(anonymous_13)
FN:151,(anonymous_14)
FN:167,(anonymous_15)
FN:172,(anonymous_16)
FN:173,(anonymous_17)
FN:174,(anonymous_18)
FN:175,(anonymous_19)
FN:192,(anonymous_20)
FN:198,(anonymous_21)
FNF:13
FNH:3
FNDA:4,(anonymous_9)
FNDA:0,(anonymous_10)
FNDA:0,(anonymous_11)
FNDA:0,(anonymous_12)
FNDA:0,(anonymous_13)
FNDA:4,(anonymous_14)
FNDA:11,(anonymous_15)
FNDA:0,(anonymous_16)
FNDA:0,(anonymous_17)
FNDA:0,(anonymous_18)
FNDA:0,(anonymous_19)
FNDA:0,(anonymous_20)
FNDA:0,(anonymous_21)
DA:1,1
DA:2,1
DA:3,1
DA:4,1
DA:5,1
DA:6,1
DA:7,1
DA:8,1
DA:10,1
DA:11,1
DA:14,1
DA:16,1
DA:36,1
DA:44,4
DA:45,4
DA:49,0
DA:50,0
DA:52,0
DA:53,0
DA:60,0
DA:61,0
DA:64,0
DA:65,0
DA:66,0
DA:72,0
DA:73,0
DA:78,0
DA:85,0
DA:86,0
DA:95,0
DA:100,0
DA:101,0
DA:102,0
DA:109,0
DA:111,0
DA:120,0
DA:125,0
DA:126,0
DA:127,0
DA:134,0
DA:135,0
DA:140,0
DA:141,0
DA:152,4
DA:153,0
DA:156,4
DA:157,4
DA:164,4
DA:167,4
DA:169,11
DA:172,11
DA:173,11
DA:174,11
DA:175,11
DA:176,0
DA:184,11
DA:187,0
DA:188,0
DA:193,0
DA:198,0
DA:199,0
DA:200,0
DA:201,0
DA:202,0
DA:203,0
DA:204,0
DA:206,0
DA:207,0
DA:208,0
DA:210,0
DA:211,0
DA:213,0
DA:216,0
DA:217,0
DA:219,0
DA:221,0
DA:222,0
DA:228,0
DA:229,0
DA:230,0
DA:231,0
DA:233,0
DA:234,0
DA:235,0
DA:236,0
DA:239,0
LF:86
LH:26
BRDA:49,0,0,0
BRDA:152,1,0,0
BRDA:173,2,0,0
BRDA:173,2,1,0
BRDA:174,3,0,0
BRDA:174,3,1,0
BRDA:178,4,0,0
BRDA:178,4,1,0
BRDA:180,5,0,0
BRDA:180,5,1,0
BRDA:188,6,0,0
BRDA:188,6,1,0
BRDA:200,7,0,0
BRDA:207,8,0,0
BRDA:211,9,0,0
BRDA:221,10,0,0
BRDA:230,11,0,0
BRDA:230,11,1,0
BRF:18
BRH:0
end_of_record
TN:
SF:src/router_types.ts
FN:11,_stdioTransportContext
FN:19,_sseTransportContext
FN:26,_streamableHttpTransportContext
FN:39,(anonymous_3)
FN:60,(anonymous_4)
FN:67,(anonymous_5)
FN:72,(anonymous_6)
FN:79,(anonymous_7)
FN:112,(anonymous_8)
FN:156,(anonymous_9)
FN:172,(anonymous_10)
FN:182,(anonymous_11)
FN:184,(anonymous_12)
FN:185,(anonymous_13)
FN:206,(anonymous_14)
FN:241,(anonymous_15)
FN:248,(anonymous_16)
FN:252,(anonymous_17)
FN:256,(anonymous_18)
FN:260,(anonymous_19)
FN:274,(anonymous_20)
FN:279,(anonymous_21)
FN:285,(anonymous_22)
FN:290,(anonymous_23)
FN:294,(anonymous_24)
FN:300,(anonymous_25)
FN:306,(anonymous_26)
FN:309,(anonymous_27)
FN:310,(anonymous_28)
FN:311,(anonymous_29)
FN:312,(anonymous_30)
FN:317,(anonymous_31)
FN:320,(anonymous_32)
FN:323,(anonymous_33)
FNF:34
FNH:2
FNDA:0,_stdioTransportContext
FNDA:0,_sseTransportContext
FNDA:0,_streamableHttpTransportContext
FNDA:0,(anonymous_3)
FNDA:0,(anonymous_4)
FNDA:0,(anonymous_5)
FNDA:0,(anonymous_6)
FNDA:0,(anonymous_7)
FNDA:0,(anonymous_8)
FNDA:0,(anonymous_9)
FNDA:0,(anonymous_10)
FNDA:0,(anonymous_11)
FNDA:0,(anonymous_12)
FNDA:0,(anonymous_13)
FNDA:0,(anonymous_14)
FNDA:52,(anonymous_15)
FNDA:12,(anonymous_16)
FNDA:0,(anonymous_17)
FNDA:0,(anonymous_18)
FNDA:0,(anonymous_19)
FNDA:0,(anonymous_20)
FNDA:0,(anonymous_21)
FNDA:0,(anonymous_22)
FNDA:0,(anonymous_23)
FNDA:0,(anonymous_24)
FNDA:0,(anonymous_25)
FNDA:0,(anonymous_26)
FNDA:0,(anonymous_27)
FNDA:0,(anonymous_28)
FNDA:0,(anonymous_29)
FNDA:0,(anonymous_30)
FNDA:0,(anonymous_31)
FNDA:0,(anonymous_32)
FNDA:0,(anonymous_33)
DA:1,1
DA:2,1
DA:3,1
DA:4,1
DA:5,1
DA:8,1
DA:9,1
DA:12,0
DA:20,0
DA:27,0
DA:32,1
DA:40,0
DA:41,0
DA:42,0
DA:44,0
DA:46,0
DA:47,0
DA:48,0
DA:49,0
DA:50,0
DA:61,0
DA:63,0
DA:67,0
DA:68,0
DA:72,0
DA:73,0
DA:74,0
DA:79,0
DA:80,0
DA:81,0
DA:82,0
DA:83,0
DA:84,0
DA:86,0
DA:90,0
DA:92,0
DA:97,0
DA:98,0
DA:103,0
DA:105,0
DA:107,0
DA:108,0
DA:113,0
DA:114,0
DA:116,0
DA:117,0
DA:119,0
DA:120,0
DA:121,0
DA:146,0
DA:147,0
DA:157,0
DA:158,0
DA:161,0
DA:164,0
DA:165,0
DA:167,0
DA:168,0
DA:178,0
DA:179,0
DA:182,0
DA:183,0
DA:184,0
DA:185,0
DA:187,0
DA:194,0
DA:196,0
DA:197,0
DA:200,0
DA:206,0
DA:209,0
DA:210,0
DA:211,0
DA:212,0
DA:216,0
DA:220,0
DA:235,1
DA:242,52
DA:243,52
DA:244,52
DA:245,52
DA:249,12
DA:253,0
DA:257,0
DA:261,0
DA:270,1
DA:275,0
DA:276,0
DA:282,0
DA:287,0
DA:291,0
DA:299,0
DA:300,0
DA:301,0
DA:303,0
DA:307,0
DA:308,0
DA:309,0
DA:310,0
DA:311,0
DA:312,0
DA:319,0
DA:320,0
DA:321,0
DA:323,0
LF:105
LH:15
BRDA:47,0,0,0
BRDA:47,0,1,0
BRDA:49,1,0,0
BRDA:82,2,0,0
BRDA:97,3,0,0
BRDA:97,3,1,0
BRDA:107,4,0,0
BRDA:116,5,0,0
BRDA:157,6,0,0
BRDA:157,7,0,0
BRDA:157,7,1,0
BRDA:175,8,0,0
BRDA:176,9,0,0
BRDA:178,10,0,0
BRDA:178,11,0,0
BRDA:178,11,1,0
BRDA:196,12,0,0
BRDA:209,13,0,0
BRDA:299,14,0,0
BRDA:301,15,0,0
BRDA:301,15,1,0
BRDA:319,16,0,0
BRDA:319,16,1,0
BRF:23
BRH:0
end_of_record
TN:
SF:src/services/search/CompassSearchProvider.ts
FN:30,(anonymous_0)
FN:44,(anonymous_1)
FNF:2
FNH:2
FNDA:4,(anonymous_0)
FNDA:4,(anonymous_1)
DA:3,1
DA:4,1
DA:21,1
DA:31,4
DA:32,4
DA:34,4
DA:35,4
DA:36,4
DA:45,4
DA:51,4
DA:52,4
DA:53,4
DA:55,4
DA:57,4
DA:58,0
DA:59,0
DA:60,0
DA:65,0
DA:68,4
DA:75,4
DA:78,4
DA:79,4
DA:80,12
DA:82,12
DA:95,12
DA:100,12
DA:102,0
DA:109,4
DA:111,0
DA:112,0
DA:117,0
LF:31
LH:23
BRDA:30,0,0,4
BRDA:31,1,0,4
BRDA:47,2,0,4
BRDA:47,2,1,0
BRDA:48,3,0,4
BRDA:48,3,1,4
BRDA:57,4,0,0
BRDA:111,5,0,0
BRDA:111,5,1,0
BRF:9
BRH:5
end_of_record
TN:
SF:src/services/search/NacosMcpProvider.ts
FN:12,(anonymous_0)
FN:16,(anonymous_1)
FNF:2
FNH:0
FNDA:0,(anonymous_0)
FNDA:0,(anonymous_1)
DA:9,1
DA:13,0
DA:17,0
DA:19,0
DA:22,0
DA:23,0
DA:24,0
DA:25,0
DA:30,0
DA:31,0
DA:35,0
DA:39,0
LF:12
LH:1
BRDA:17,0,0,0
BRDA:24,1,0,0
BRDA:30,2,0,0
BRF:3
BRH:0
end_of_record
TN:
SF:src/services/search/SearchService.ts
FN:15,ensureEnhancedServer
FN:54,(anonymous_1)
FN:74,(anonymous_2)
FN:79,(anonymous_3)
FN:86,(anonymous_4)
FN:93,(anonymous_5)
FN:100,(anonymous_6)
FN:108,(anonymous_7)
FN:121,(anonymous_8)
FN:128,(anonymous_9)
FN:163,(anonymous_10)
FN:164,(anonymous_11)
FNF:12
FNH:5
FNDA:28,ensureEnhancedServer
FNDA:4,(anonymous_1)
FNDA:0,(anonymous_2)
FNDA:0,(anonymous_3)
FNDA:0,(anonymous_4)
FNDA:0,(anonymous_5)
FNDA:0,(anonymous_6)
FNDA:4,(anonymous_7)
FNDA:12,(anonymous_8)
FNDA:28,(anonymous_9)
FNDA:0,(anonymous_10)
FNDA:0,(anonymous_11)
DA:2,1
DA:3,1
DA:5,1
DA:6,1
DA:12,1
DA:17,28
DA:22,16
DA:26,12
DA:45,1
DA:46,4
DA:48,4
DA:60,4
DA:61,4
DA:62,4
DA:63,4
DA:66,4
DA:67,4
DA:69,4
DA:70,4
DA:75,0
DA:80,0
DA:81,0
DA:87,0
DA:94,0
DA:101,0
DA:102,0
DA:112,4
DA:113,0
DA:114,0
DA:117,4
DA:120,4
DA:121,4
DA:122,12
DA:123,12
DA:124,12
DA:125,12
DA:128,12
DA:129,28
DA:135,12
DA:140,0
DA:142,0
DA:149,4
DA:151,4
DA:153,4
DA:154,4
DA:156,4
DA:158,4
DA:159,4
DA:161,0
DA:163,0
DA:164,0
LF:51
LH:37
BRDA:12,0,0,1
BRDA:12,0,1,1
BRDA:17,1,0,16
BRDA:17,2,0,28
BRDA:17,2,1,28
BRDA:17,2,2,16
BRDA:17,2,3,16
BRDA:17,2,4,16
BRDA:28,3,0,12
BRDA:28,3,1,0
BRDA:29,4,0,12
BRDA:29,4,1,0
BRDA:30,5,0,12
BRDA:30,5,1,0
BRDA:31,6,0,12
BRDA:31,6,1,12
BRDA:33,7,0,12
BRDA:33,7,1,0
BRDA:34,8,0,12
BRDA:34,8,1,0
BRDA:35,9,0,12
BRDA:35,9,1,0
BRDA:55,10,0,0
BRDA:56,11,0,4
BRDA:58,12,0,4
BRDA:61,13,0,4
BRDA:80,14,0,0
BRDA:80,15,0,0
BRDA:80,15,1,0
BRDA:110,16,0,4
BRDA:112,17,0,0
BRF:31
BRH:20
end_of_record
TN:
SF:src/services/search/rerank/RerankMcpServer.ts
FN:21,(anonymous_0)
FN:39,(anonymous_1)
FN:63,(anonymous_2)
FN:88,(anonymous_3)
FN:141,(anonymous_4)
FN:150,(anonymous_5)
FNF:6
FNH:4
FNDA:4,(anonymous_0)
FNDA:4,(anonymous_1)
FNDA:4,(anonymous_2)
FNDA:260,(anonymous_3)
FNDA:0,(anonymous_4)
FNDA:0,(anonymous_5)
DA:1,1
DA:8,1
DA:9,1
DA:17,1
DA:22,4
DA:25,4
DA:33,4
DA:43,4
DA:46,4
DA:48,4
DA:52,4
DA:53,4
DA:57,4
DA:66,4
DA:67,4
DA:70,4
DA:71,12
DA:72,28
DA:74,28
DA:75,0
DA:76,0
DA:80,28
DA:88,260
DA:94,28
DA:100,28
DA:102,28
DA:104,8
DA:105,8
DA:106,8
DA:108,8
DA:109,0
DA:111,8
DA:113,20
DA:116,0
DA:117,0
DA:123,4
DA:124,4
DA:125,20
DA:126,20
DA:128,0
DA:132,4
DA:142,0
DA:144,0
DA:151,0
LF:44
LH:35
BRDA:22,0,0,0
BRDA:23,1,0,0
BRDA:41,2,0,0
BRDA:52,3,0,4
BRDA:74,4,0,0
BRDA:74,5,0,28
BRDA:74,5,1,28
BRDA:81,6,0,28
BRDA:81,6,1,0
BRDA:82,7,0,28
BRDA:82,7,1,0
BRDA:83,8,0,28
BRDA:83,8,1,0
BRDA:84,9,0,28
BRDA:84,9,1,28
BRDA:96,10,0,28
BRDA:96,10,1,0
BRDA:97,11,0,28
BRDA:97,11,1,0
BRDA:102,12,0,8
BRDA:102,12,1,20
BRDA:105,13,0,8
BRDA:105,13,1,0
BRDA:105,13,2,0
BRDA:106,14,0,8
BRDA:106,14,1,0
BRDA:106,14,2,0
BRDA:108,15,0,0
BRDA:125,16,0,20
BRDA:125,16,1,0
BRF:30
BRH:15
end_of_record
TN:
SF:src/services/search/rerank/processors.ts
FN:7,isEnhancedServer
FN:12,ensureEnhancedServer
FN:23,(anonymous_2)
FN:27,(anonymous_3)
FN:31,(anonymous_4)
FN:55,(anonymous_5)
FN:61,(anonymous_6)
FN:78,(anonymous_7)
FN:79,(anonymous_8)
FN:93,(anonymous_9)
FN:113,(anonymous_10)
FN:117,(anonymous_11)
FN:137,(anonymous_12)
FNF:13
FNH:13
FNDA:51,isEnhancedServer
FNDA:51,ensureEnhancedServer
FNDA:4,(anonymous_2)
FNDA:4,(anonymous_3)
FNDA:20,(anonymous_4)
FNDA:4,(anonymous_5)
FNDA:20,(anonymous_6)
FNDA:4,(anonymous_7)
FNDA:7,(anonymous_8)
FNDA:4,(anonymous_9)
FNDA:4,(anonymous_10)
FNDA:4,(anonymous_11)
FNDA:4,(anonymous_12)
DA:1,1
DA:2,1
DA:3,1
DA:8,51
DA:13,51
DA:14,51
DA:16,0
DA:22,1
DA:23,4
DA:24,4
DA:31,4
DA:32,20
DA:35,20
DA:38,0
DA:39,0
DA:42,0
DA:44,0
DA:47,4
DA:54,1
DA:56,4
DA:57,0
DA:60,4
DA:61,20
DA:64,4
DA:65,3
DA:70,4
DA:77,1
DA:79,4
DA:80,7
DA:81,7
DA:82,7
DA:85,4
DA:92,1
DA:94,4
DA:95,4
DA:98,0
DA:100,0
DA:101,0
DA:104,0
DA:112,1
DA:113,4
DA:114,4
DA:118,4
DA:119,4
DA:123,0
DA:127,0
DA:129,0
DA:136,1
DA:138,4
DA:139,4
DA:140,4
DA:141,4
DA:142,4
DA:145,4
DA:151,4
LF:55
LH:42
BRDA:8,0,0,51
BRDA:8,0,1,51
BRDA:8,0,2,51
BRDA:8,0,3,51
BRDA:13,1,0,51
BRDA:35,2,0,20
BRDA:35,3,0,20
BRDA:35,3,1,20
BRDA:38,4,0,0
BRDA:38,4,1,0
BRDA:38,5,0,0
BRDA:38,5,1,0
BRDA:39,6,0,0
BRDA:39,6,1,0
BRDA:56,7,0,0
BRDA:61,8,0,20
BRDA:61,8,1,0
BRDA:64,9,0,3
BRDA:80,10,0,7
BRDA:80,10,1,0
BRDA:80,10,2,0
BRDA:81,11,0,7
BRDA:81,11,1,0
BRDA:81,11,2,0
BRDA:94,12,0,4
BRDA:94,13,0,4
BRDA:94,13,1,0
BRDA:100,14,0,0
BRDA:113,15,0,0
BRDA:118,16,0,4
BRDA:118,17,0,4
BRDA:118,17,1,4
BRF:32
BRH:17
end_of_record
TN:
SF:src/types/nacos_mcp_server.ts
FN:31,isNacosMcpServer
FN:49,createNacosMcpServer
FN:81,(anonymous_2)
FNF:3
FNH:3
FNDA:20,isNacosMcpServer
FNDA:40,createNacosMcpServer
FNDA:344,(anonymous_2)
DA:1,1
DA:31,1
DA:32,20
DA:49,1
DA:58,40
DA:65,40
DA:66,40
DA:70,40
DA:71,40
DA:73,40
DA:74,40
DA:76,40
DA:77,40
DA:81,40
DA:82,344
DA:83,184
DA:85,344
DA:88,40
DA:90,40
LF:19
LH:19
BRDA:33,0,0,20
BRDA:33,0,1,20
BRDA:33,0,2,20
BRDA:33,0,3,20
BRDA:33,0,4,20
BRDA:33,0,5,20
BRDA:33,0,6,20
BRDA:33,0,7,20
BRDA:33,0,8,20
BRDA:51,1,0,0
BRDA:60,2,0,40
BRDA:60,2,1,0
BRDA:61,3,0,40
BRDA:61,3,1,0
BRDA:65,4,0,40
BRDA:70,5,0,40
BRDA:73,6,0,40
BRDA:76,7,0,40
BRDA:82,8,0,184
BRF:19
BRH:16
end_of_record
TN:
SF:src/types/rerank.ts
FN:56,(anonymous_0)
FN:59,(anonymous_1)
FN:64,(anonymous_2)
FN:77,(anonymous_3)
FNF:4
FNH:3
FNDA:20,(anonymous_0)
FNDA:16,(anonymous_1)
FNDA:0,(anonymous_2)
FNDA:20,(anonymous_3)
DA:56,1
DA:57,20
DA:60,16
DA:61,16
DA:68,0
DA:69,0
DA:71,0
DA:81,20
DA:82,16
DA:84,4
LF:10
LH:7
BRDA:68,0,0,0
BRDA:81,1,0,16
BRF:2
BRH:1
end_of_record
